<?xml version="1.0" encoding="UTF-8"?>
<testsuite xmlns:xsi="http://www.w3.org/2001/XMLSchema-instance" xsi:noNamespaceSchemaLocation="https://maven.apache.org/surefire/maven-surefire-plugin/xsd/surefire-test-report-3.0.xsd" version="3.0" name="org.apache.beam.examples.subprocess.ExampleEchoPipelineTest" time="7.764" tests="1" errors="1" skipped="0" failures="0">
  <properties>
    <property name="sun.desktop" value="windows"/>
    <property name="awt.toolkit" value="sun.awt.windows.WToolkit"/>
    <property name="file.encoding.pkg" value="sun.io"/>
    <property name="java.specification.version" value="1.8"/>
    <property name="sun.cpu.isalist" value="amd64"/>
    <property name="sun.jnu.encoding" value="Cp1252"/>
    <property name="java.class.path" value="D:\Technology\Code\ApacheBeam\word-count-beam\target\test-classes;D:\Technology\Code\ApacheBeam\word-count-beam\target\classes;C:\Users\vjajee\.m2\repository\org\apache\beam\beam-sdks-java-core\2.28.0\beam-sdks-java-core-2.28.0.jar;C:\Users\vjajee\.m2\repository\org\apache\beam\beam-model-pipeline\2.28.0\beam-model-pipeline-2.28.0.jar;C:\Users\vjajee\.m2\repository\commons-logging\commons-logging\1.2\commons-logging-1.2.jar;C:\Users\vjajee\.m2\repository\org\apache\logging\log4j\log4j-api\2.6.2\log4j-api-2.6.2.jar;C:\Users\vjajee\.m2\repository\org\conscrypt\conscrypt-openjdk-uber\2.5.1\conscrypt-openjdk-uber-2.5.1.jar;C:\Users\vjajee\.m2\repository\org\apache\beam\beam-model-job-management\2.28.0\beam-model-job-management-2.28.0.jar;C:\Users\vjajee\.m2\repository\org\apache\beam\beam-vendor-bytebuddy-1_10_8\0.1\beam-vendor-bytebuddy-1_10_8-0.1.jar;C:\Users\vjajee\.m2\repository\org\apache\beam\beam-vendor-grpc-1_26_0\0.3\beam-vendor-grpc-1_26_0-0.3.jar;C:\Users\vjajee\.m2\repository\org\apache\beam\beam-vendor-guava-26_0-jre\0.1\beam-vendor-guava-26_0-jre-0.1.jar;C:\Users\vjajee\.m2\repository\com\google\code\findbugs\jsr305\3.0.2\jsr305-3.0.2.jar;C:\Users\vjajee\.m2\repository\com\google\errorprone\error_prone_annotations\2.3.1\error_prone_annotations-2.3.1.jar;C:\Users\vjajee\.m2\repository\com\fasterxml\jackson\core\jackson-core\2.10.2\jackson-core-2.10.2.jar;C:\Users\vjajee\.m2\repository\com\fasterxml\jackson\core\jackson-annotations\2.10.2\jackson-annotations-2.10.2.jar;C:\Users\vjajee\.m2\repository\com\fasterxml\jackson\core\jackson-databind\2.10.2\jackson-databind-2.10.2.jar;C:\Users\vjajee\.m2\repository\org\apache\avro\avro\1.8.2\avro-1.8.2.jar;C:\Users\vjajee\.m2\repository\org\codehaus\jackson\jackson-core-asl\1.9.13\jackson-core-asl-1.9.13.jar;C:\Users\vjajee\.m2\repository\org\codehaus\jackson\jackson-mapper-asl\1.9.13\jackson-mapper-asl-1.9.13.jar;C:\Users\vjajee\.m2\repository\com\thoughtworks\paranamer\paranamer\2.7\paranamer-2.7.jar;C:\Users\vjajee\.m2\repository\org\apache\commons\commons-compress\1.8.1\commons-compress-1.8.1.jar;C:\Users\vjajee\.m2\repository\org\tukaani\xz\1.5\xz-1.5.jar;C:\Users\vjajee\.m2\repository\org\xerial\snappy\snappy-java\1.1.4\snappy-java-1.1.4.jar;C:\Users\vjajee\.m2\repository\org\apache\beam\beam-sdks-java-io-google-cloud-platform\2.28.0\beam-sdks-java-io-google-cloud-platform-2.28.0.jar;C:\Users\vjajee\.m2\repository\org\checkerframework\checker-qual\3.7.0\checker-qual-3.7.0.jar;C:\Users\vjajee\.m2\repository\org\apache\beam\beam-sdks-java-expansion-service\2.28.0\beam-sdks-java-expansion-service-2.28.0.jar;C:\Users\vjajee\.m2\repository\org\apache\beam\beam-sdks-java-extensions-google-cloud-platform-core\2.28.0\beam-sdks-java-extensions-google-cloud-platform-core-2.28.0.jar;C:\Users\vjajee\.m2\repository\org\apache\beam\beam-runners-core-java\2.28.0\beam-runners-core-java-2.28.0.jar;C:\Users\vjajee\.m2\repository\com\google\cloud\bigdataoss\gcsio\2.1.6\gcsio-2.1.6.jar;C:\Users\vjajee\.m2\repository\com\github\rholder\guava-retrying\2.0.0\guava-retrying-2.0.0.jar;C:\Users\vjajee\.m2\repository\com\google\apis\google-api-services-cloudresourcemanager\v1-rev20200720-1.30.10\google-api-services-cloudresourcemanager-v1-rev20200720-1.30.10.jar;C:\Users\vjajee\.m2\repository\com\google\apis\google-api-services-storage\v1-rev20200611-1.30.10\google-api-services-storage-v1-rev20200611-1.30.10.jar;C:\Users\vjajee\.m2\repository\org\apache\beam\beam-sdks-java-extensions-protobuf\2.28.0\beam-sdks-java-extensions-protobuf-2.28.0.jar;C:\Users\vjajee\.m2\repository\com\google\cloud\bigdataoss\util\2.1.6\util-2.1.6.jar;C:\Users\vjajee\.m2\repository\com\google\api-client\google-api-client-java6\1.30.10\google-api-client-java6-1.30.10.jar;C:\Users\vjajee\.m2\repository\com\google\api-client\google-api-client-jackson2\1.30.10\google-api-client-jackson2-1.30.10.jar;C:\Users\vjajee\.m2\repository\com\google\apis\google-api-services-iamcredentials\v1-rev20201022-1.30.10\google-api-services-iamcredentials-v1-rev20201022-1.30.10.jar;C:\Users\vjajee\.m2\repository\com\google\auto\value\auto-value-annotations\1.7.2\auto-value-annotations-1.7.2.jar;C:\Users\vjajee\.m2\repository\com\google\oauth-client\google-oauth-client-java6\1.31.2\google-oauth-client-java6-1.31.2.jar;C:\Users\vjajee\.m2\repository\com\google\flogger\google-extensions\0.5.1\google-extensions-0.5.1.jar;C:\Users\vjajee\.m2\repository\com\google\flogger\flogger-system-backend\0.5.1\flogger-system-backend-0.5.1.jar;C:\Users\vjajee\.m2\repository\com\google\api\gax\1.60.0\gax-1.60.0.jar;C:\Users\vjajee\.m2\repository\org\threeten\threetenbp\1.4.1\threetenbp-1.4.1.jar;C:\Users\vjajee\.m2\repository\com\google\api\api-common\1.10.0\api-common-1.10.0.jar;C:\Users\vjajee\.m2\repository\com\google\api\gax-grpc\1.60.0\gax-grpc-1.60.0.jar;C:\Users\vjajee\.m2\repository\io\grpc\grpc-protobuf\1.32.2\grpc-protobuf-1.32.2.jar;C:\Users\vjajee\.m2\repository\com\google\apis\google-api-services-healthcare\v1beta1-rev20200713-1.30.10\google-api-services-healthcare-v1beta1-rev20200713-1.30.10.jar;C:\Users\vjajee\.m2\repository\com\google\auth\google-auth-library-credentials\0.21.1\google-auth-library-credentials-0.21.1.jar;C:\Users\vjajee\.m2\repository\com\google\auth\google-auth-library-oauth2-http\0.21.1\google-auth-library-oauth2-http-0.21.1.jar;C:\Users\vjajee\.m2\repository\com\google\cloud\google-cloud-bigquerystorage\1.5.5\google-cloud-bigquerystorage-1.5.5.jar;C:\Users\vjajee\.m2\repository\io\grpc\grpc-api\1.32.2\grpc-api-1.32.2.jar;C:\Users\vjajee\.m2\repository\org\codehaus\mojo\animal-sniffer-annotations\1.19\animal-sniffer-annotations-1.19.jar;C:\Users\vjajee\.m2\repository\io\grpc\grpc-protobuf-lite\1.32.1\grpc-protobuf-lite-1.32.1.jar;C:\Users\vjajee\.m2\repository\javax\annotation\javax.annotation-api\1.3.2\javax.annotation-api-1.3.2.jar;C:\Users\vjajee\.m2\repository\com\google\api\grpc\proto-google-cloud-bigquerystorage-v1alpha2\0.105.5\proto-google-cloud-bigquerystorage-v1alpha2-0.105.5.jar;C:\Users\vjajee\.m2\repository\com\google\api\grpc\proto-google-cloud-bigquerystorage-v1beta2\0.105.5\proto-google-cloud-bigquerystorage-v1beta2-0.105.5.jar;C:\Users\vjajee\.m2\repository\com\google\api\grpc\proto-google-cloud-bigquerystorage-v1\1.5.5\proto-google-cloud-bigquerystorage-v1-1.5.5.jar;C:\Users\vjajee\.m2\repository\com\google\guava\failureaccess\1.0.1\failureaccess-1.0.1.jar;C:\Users\vjajee\.m2\repository\com\google\guava\listenablefuture\9999.0-empty-to-avoid-conflict-with-guava\listenablefuture-9999.0-empty-to-avoid-conflict-with-guava.jar;C:\Users\vjajee\.m2\repository\org\checkerframework\checker-compat-qual\2.5.5\checker-compat-qual-2.5.5.jar;C:\Users\vjajee\.m2\repository\org\apache\commons\commons-lang3\3.5\commons-lang3-3.5.jar;C:\Users\vjajee\.m2\repository\org\json\json\20200518\json-20200518.jar;C:\Users\vjajee\.m2\repository\com\google\cloud\google-cloud-bigquery\1.122.2\google-cloud-bigquery-1.122.2.jar;C:\Users\vjajee\.m2\repository\com\google\protobuf\protobuf-java-util\3.13.0\protobuf-java-util-3.13.0.jar;C:\Users\vjajee\.m2\repository\com\google\code\gson\gson\2.8.6\gson-2.8.6.jar;C:\Users\vjajee\.m2\repository\com\google\api\grpc\proto-google-iam-v1\1.0.1\proto-google-iam-v1-1.0.1.jar;C:\Users\vjajee\.m2\repository\com\google\cloud\google-cloud-core-http\1.93.9\google-cloud-core-http-1.93.9.jar;C:\Users\vjajee\.m2\repository\com\google\http-client\google-http-client-appengine\1.36.0\google-http-client-appengine-1.36.0.jar;C:\Users\vjajee\.m2\repository\com\google\api\gax-httpjson\0.77.0\gax-httpjson-0.77.0.jar;C:\Users\vjajee\.m2\repository\commons-codec\commons-codec\1.11\commons-codec-1.11.jar;C:\Users\vjajee\.m2\repository\com\google\android\annotations\4.1.1.4\annotations-4.1.1.4.jar;C:\Users\vjajee\.m2\repository\io\perfmark\perfmark-api\0.19.0\perfmark-api-0.19.0.jar;C:\Users\vjajee\.m2\repository\com\google\api\grpc\grpc-google-cloud-bigquerystorage-v1beta1\0.105.5\grpc-google-cloud-bigquerystorage-v1beta1-0.105.5.jar;C:\Users\vjajee\.m2\repository\com\google\api\grpc\grpc-google-cloud-bigquerystorage-v1beta2\0.105.5\grpc-google-cloud-bigquerystorage-v1beta2-0.105.5.jar;C:\Users\vjajee\.m2\repository\com\google\api\grpc\grpc-google-cloud-bigquerystorage-v1\1.5.5\grpc-google-cloud-bigquerystorage-v1-1.5.5.jar;C:\Users\vjajee\.m2\repository\com\google\cloud\bigtable\bigtable-client-core\1.16.0\bigtable-client-core-1.16.0.jar;C:\Users\vjajee\.m2\repository\com\google\cloud\google-cloud-bigtable\1.16.1\google-cloud-bigtable-1.16.1.jar;C:\Users\vjajee\.m2\repository\com\google\api\grpc\grpc-google-common-protos\1.18.1\grpc-google-common-protos-1.18.1.jar;C:\Users\vjajee\.m2\repository\com\google\api\grpc\grpc-google-cloud-bigtable-v2\1.16.1\grpc-google-cloud-bigtable-v2-1.16.1.jar;C:\Users\vjajee\.m2\repository\com\google\api\grpc\proto-google-cloud-bigtable-admin-v2\1.16.1\proto-google-cloud-bigtable-admin-v2-1.16.1.jar;C:\Users\vjajee\.m2\repository\com\google\api\grpc\grpc-google-cloud-bigtable-admin-v2\1.16.1\grpc-google-cloud-bigtable-admin-v2-1.16.1.jar;C:\Users\vjajee\.m2\repository\io\opencensus\opencensus-contrib-grpc-util\0.24.0\opencensus-contrib-grpc-util-0.24.0.jar;C:\Users\vjajee\.m2\repository\io\dropwizard\metrics\metrics-core\3.2.6\metrics-core-3.2.6.jar;C:\Users\vjajee\.m2\repository\com\google\cloud\google-cloud-core\1.93.9\google-cloud-core-1.93.9.jar;C:\Users\vjajee\.m2\repository\com\google\cloud\google-cloud-core-grpc\1.93.9\google-cloud-core-grpc-1.93.9.jar;C:\Users\vjajee\.m2\repository\com\google\cloud\datastore\datastore-v1-proto-client\1.6.3\datastore-v1-proto-client-1.6.3.jar;C:\Users\vjajee\.m2\repository\com\google\http-client\google-http-client-protobuf\1.36.0\google-http-client-protobuf-1.36.0.jar;C:\Users\vjajee\.m2\repository\com\google\cloud\google-cloud-pubsublite\0.7.0\google-cloud-pubsublite-0.7.0.jar;C:\Users\vjajee\.m2\repository\com\google\flogger\flogger\0.5.1\flogger-0.5.1.jar;C:\Users\vjajee\.m2\repository\com\google\cloud\google-cloud-pubsub\1.108.3\google-cloud-pubsub-1.108.3.jar;C:\Users\vjajee\.m2\repository\com\google\cloud\google-cloud-spanner\2.0.2\google-cloud-spanner-2.0.2.jar;C:\Users\vjajee\.m2\repository\com\google\api\grpc\proto-google-cloud-spanner-admin-instance-v1\2.0.2\proto-google-cloud-spanner-admin-instance-v1-2.0.2.jar;C:\Users\vjajee\.m2\repository\com\google\api\grpc\proto-google-cloud-spanner-v1\2.0.2\proto-google-cloud-spanner-v1-2.0.2.jar;C:\Users\vjajee\.m2\repository\com\google\api\grpc\grpc-google-cloud-spanner-admin-instance-v1\2.0.2\grpc-google-cloud-spanner-admin-instance-v1-2.0.2.jar;C:\Users\vjajee\.m2\repository\com\google\api\grpc\grpc-google-cloud-spanner-v1\2.0.2\grpc-google-cloud-spanner-v1-2.0.2.jar;C:\Users\vjajee\.m2\repository\com\google\api\grpc\grpc-google-cloud-spanner-admin-database-v1\2.0.2\grpc-google-cloud-spanner-admin-database-v1-2.0.2.jar;C:\Users\vjajee\.m2\repository\com\google\http-client\google-http-client-jackson2\1.36.0\google-http-client-jackson2-1.36.0.jar;C:\Users\vjajee\.m2\repository\io\grpc\grpc-alts\1.32.2\grpc-alts-1.32.2.jar;C:\Users\vjajee\.m2\repository\io\grpc\grpc-auth\1.32.2\grpc-auth-1.32.2.jar;C:\Users\vjajee\.m2\repository\io\grpc\grpc-core\1.32.2\grpc-core-1.32.2.jar;C:\Users\vjajee\.m2\repository\io\grpc\grpc-context\1.32.2\grpc-context-1.32.2.jar;C:\Users\vjajee\.m2\repository\io\grpc\grpc-grpclb\1.32.2\grpc-grpclb-1.32.2.jar;C:\Users\vjajee\.m2\repository\io\grpc\grpc-netty\1.32.2\grpc-netty-1.32.2.jar;C:\Users\vjajee\.m2\repository\io\netty\netty-codec-http2\4.1.51.Final\netty-codec-http2-4.1.51.Final.jar;C:\Users\vjajee\.m2\repository\io\netty\netty-codec-http\4.1.51.Final\netty-codec-http-4.1.51.Final.jar;C:\Users\vjajee\.m2\repository\io\netty\netty-handler-proxy\4.1.51.Final\netty-handler-proxy-4.1.51.Final.jar;C:\Users\vjajee\.m2\repository\io\netty\netty-codec-socks\4.1.51.Final\netty-codec-socks-4.1.51.Final.jar;C:\Users\vjajee\.m2\repository\io\grpc\grpc-netty-shaded\1.32.2\grpc-netty-shaded-1.32.2.jar;C:\Users\vjajee\.m2\repository\io\grpc\grpc-stub\1.32.2\grpc-stub-1.32.2.jar;C:\Users\vjajee\.m2\repository\com\google\api\grpc\grpc-google-cloud-pubsub-v1\1.90.3\grpc-google-cloud-pubsub-v1-1.90.3.jar;C:\Users\vjajee\.m2\repository\com\google\api\grpc\grpc-google-cloud-pubsublite-v1\0.7.0\grpc-google-cloud-pubsublite-v1-0.7.0.jar;C:\Users\vjajee\.m2\repository\com\google\guava\guava\25.1-jre\guava-25.1-jre.jar;C:\Users\vjajee\.m2\repository\io\netty\netty-handler\4.1.51.Final\netty-handler-4.1.51.Final.jar;C:\Users\vjajee\.m2\repository\io\netty\netty-common\4.1.51.Final\netty-common-4.1.51.Final.jar;C:\Users\vjajee\.m2\repository\io\netty\netty-resolver\4.1.51.Final\netty-resolver-4.1.51.Final.jar;C:\Users\vjajee\.m2\repository\io\netty\netty-buffer\4.1.51.Final\netty-buffer-4.1.51.Final.jar;C:\Users\vjajee\.m2\repository\io\netty\netty-transport\4.1.51.Final\netty-transport-4.1.51.Final.jar;C:\Users\vjajee\.m2\repository\io\netty\netty-codec\4.1.51.Final\netty-codec-4.1.51.Final.jar;C:\Users\vjajee\.m2\repository\io\netty\netty-tcnative-boringssl-static\2.0.33.Final\netty-tcnative-boringssl-static-2.0.33.Final.jar;C:\Users\vjajee\.m2\repository\com\google\api\grpc\proto-google-cloud-bigquerystorage-v1beta1\0.105.5\proto-google-cloud-bigquerystorage-v1beta1-0.105.5.jar;C:\Users\vjajee\.m2\repository\com\google\api\grpc\proto-google-cloud-bigtable-v2\1.16.1\proto-google-cloud-bigtable-v2-1.16.1.jar;C:\Users\vjajee\.m2\repository\com\google\api\grpc\proto-google-cloud-datastore-v1\0.88.0\proto-google-cloud-datastore-v1-0.88.0.jar;C:\Users\vjajee\.m2\repository\com\google\api\grpc\proto-google-cloud-pubsub-v1\1.90.3\proto-google-cloud-pubsub-v1-1.90.3.jar;C:\Users\vjajee\.m2\repository\com\google\api\grpc\proto-google-cloud-pubsublite-v1\0.7.0\proto-google-cloud-pubsublite-v1-0.7.0.jar;C:\Users\vjajee\.m2\repository\com\google\api\grpc\proto-google-cloud-spanner-admin-database-v1\2.0.2\proto-google-cloud-spanner-admin-database-v1-2.0.2.jar;C:\Users\vjajee\.m2\repository\com\google\api\grpc\proto-google-common-protos\1.18.1\proto-google-common-protos-1.18.1.jar;C:\Users\vjajee\.m2\repository\com\google\protobuf\protobuf-java\3.13.0\protobuf-java-3.13.0.jar;C:\Users\vjajee\.m2\repository\com\google\api-client\google-api-client\1.30.10\google-api-client-1.30.10.jar;C:\Users\vjajee\.m2\repository\com\google\oauth-client\google-oauth-client\1.31.0\google-oauth-client-1.31.0.jar;C:\Users\vjajee\.m2\repository\com\google\apis\google-api-services-bigquery\v2-rev20200719-1.30.10\google-api-services-bigquery-v2-rev20200719-1.30.10.jar;C:\Users\vjajee\.m2\repository\com\google\http-client\google-http-client\1.36.0\google-http-client-1.36.0.jar;C:\Users\vjajee\.m2\repository\org\apache\httpcomponents\httpclient\4.5.12\httpclient-4.5.12.jar;C:\Users\vjajee\.m2\repository\org\apache\httpcomponents\httpcore\4.4.13\httpcore-4.4.13.jar;C:\Users\vjajee\.m2\repository\com\google\j2objc\j2objc-annotations\1.3\j2objc-annotations-1.3.jar;C:\Users\vjajee\.m2\repository\io\opencensus\opencensus-api\0.24.0\opencensus-api-0.24.0.jar;C:\Users\vjajee\.m2\repository\io\opencensus\opencensus-contrib-http-util\0.24.0\opencensus-contrib-http-util-0.24.0.jar;C:\Users\vjajee\.m2\repository\com\google\apis\google-api-services-pubsub\v1-rev20200713-1.30.10\google-api-services-pubsub-v1-rev20200713-1.30.10.jar;C:\Users\vjajee\.m2\repository\joda-time\joda-time\2.10.5\joda-time-2.10.5.jar;C:\Users\vjajee\.m2\repository\org\slf4j\slf4j-api\1.7.30\slf4j-api-1.7.30.jar;C:\Users\vjajee\.m2\repository\org\slf4j\slf4j-jdk14\1.7.30\slf4j-jdk14-1.7.30.jar;C:\Users\vjajee\.m2\repository\org\hamcrest\hamcrest-core\2.1\hamcrest-core-2.1.jar;C:\Users\vjajee\.m2\repository\org\hamcrest\hamcrest\2.1\hamcrest-2.1.jar;C:\Users\vjajee\.m2\repository\org\hamcrest\hamcrest-library\2.1\hamcrest-library-2.1.jar;C:\Users\vjajee\.m2\repository\junit\junit\4.13.1\junit-4.13.1.jar;C:\Users\vjajee\.m2\repository\org\apache\beam\beam-runners-direct-java\2.28.0\beam-runners-direct-java-2.28.0.jar;C:\Users\vjajee\.m2\repository\org\mockito\mockito-core\3.7.7\mockito-core-3.7.7.jar;C:\Users\vjajee\.m2\repository\net\bytebuddy\byte-buddy\1.10.19\byte-buddy-1.10.19.jar;C:\Users\vjajee\.m2\repository\net\bytebuddy\byte-buddy-agent\1.10.19\byte-buddy-agent-1.10.19.jar;C:\Users\vjajee\.m2\repository\org\objenesis\objenesis\3.1\objenesis-3.1.jar;C:\Users\vjajee\.m2\repository\org\apache\beam\beam-runners-portability-java\2.28.0\beam-runners-portability-java-2.28.0.jar;C:\Users\vjajee\.m2\repository\org\apache\beam\beam-runners-java-fn-execution\2.28.0\beam-runners-java-fn-execution-2.28.0.jar;C:\Users\vjajee\.m2\repository\org\apache\beam\beam-vendor-sdks-java-extensions-protobuf\2.28.0\beam-vendor-sdks-java-extensions-protobuf-2.28.0.jar;C:\Users\vjajee\.m2\repository\org\apache\beam\beam-runners-java-job-service\2.28.0\beam-runners-java-job-service-2.28.0.jar;C:\Users\vjajee\.m2\repository\args4j\args4j\2.33\args4j-2.33.jar;C:\Users\vjajee\.m2\repository\org\apache\beam\beam-sdks-java-harness\2.28.0\beam-sdks-java-harness-2.28.0.jar;C:\Users\vjajee\.m2\repository\org\apache\beam\beam-model-fn-execution\2.28.0\beam-model-fn-execution-2.28.0.jar;C:\Users\vjajee\.m2\repository\org\apache\beam\beam-runners-core-construction-java\2.28.0\beam-runners-core-construction-java-2.28.0.jar;C:\Users\vjajee\.m2\repository\io\github\classgraph\classgraph\4.8.65\classgraph-4.8.65.jar;C:\Users\vjajee\.m2\repository\org\apache\beam\beam-sdks-java-fn-execution\2.28.0\beam-sdks-java-fn-execution-2.28.0.jar;"/>
    <property name="java.vm.vendor" value="Oracle Corporation"/>
    <property name="sun.arch.data.model" value="64"/>
    <property name="user.variant" value=""/>
    <property name="java.vendor.url" value="http://java.oracle.com/"/>
    <property name="user.timezone" value="Europe/London"/>
    <property name="java.vm.specification.version" value="1.8"/>
    <property name="os.name" value="Windows 10"/>
    <property name="user.country" value="IN"/>
    <property name="sun.java.launcher" value="SUN_STANDARD"/>
    <property name="sun.boot.library.path" value="C:\Program Files\Java\jdk1.8.0_172\jre\bin"/>
    <property name="sun.java.command" value="C:\Users\vjajee\AppData\Local\Temp\surefire8724183937513042602\surefirebooter7982034279091717350.jar C:\Users\vjajee\AppData\Local\Temp\surefire8724183937513042602 2021-05-12T09-59-31_193-jvmRun1 surefire2553874768975756235tmp surefire_06515873610606626311tmp"/>
    <property name="surefire.test.class.path" value="D:\Technology\Code\ApacheBeam\word-count-beam\target\test-classes;D:\Technology\Code\ApacheBeam\word-count-beam\target\classes;C:\Users\vjajee\.m2\repository\org\apache\beam\beam-sdks-java-core\2.28.0\beam-sdks-java-core-2.28.0.jar;C:\Users\vjajee\.m2\repository\org\apache\beam\beam-model-pipeline\2.28.0\beam-model-pipeline-2.28.0.jar;C:\Users\vjajee\.m2\repository\commons-logging\commons-logging\1.2\commons-logging-1.2.jar;C:\Users\vjajee\.m2\repository\org\apache\logging\log4j\log4j-api\2.6.2\log4j-api-2.6.2.jar;C:\Users\vjajee\.m2\repository\org\conscrypt\conscrypt-openjdk-uber\2.5.1\conscrypt-openjdk-uber-2.5.1.jar;C:\Users\vjajee\.m2\repository\org\apache\beam\beam-model-job-management\2.28.0\beam-model-job-management-2.28.0.jar;C:\Users\vjajee\.m2\repository\org\apache\beam\beam-vendor-bytebuddy-1_10_8\0.1\beam-vendor-bytebuddy-1_10_8-0.1.jar;C:\Users\vjajee\.m2\repository\org\apache\beam\beam-vendor-grpc-1_26_0\0.3\beam-vendor-grpc-1_26_0-0.3.jar;C:\Users\vjajee\.m2\repository\org\apache\beam\beam-vendor-guava-26_0-jre\0.1\beam-vendor-guava-26_0-jre-0.1.jar;C:\Users\vjajee\.m2\repository\com\google\code\findbugs\jsr305\3.0.2\jsr305-3.0.2.jar;C:\Users\vjajee\.m2\repository\com\google\errorprone\error_prone_annotations\2.3.1\error_prone_annotations-2.3.1.jar;C:\Users\vjajee\.m2\repository\com\fasterxml\jackson\core\jackson-core\2.10.2\jackson-core-2.10.2.jar;C:\Users\vjajee\.m2\repository\com\fasterxml\jackson\core\jackson-annotations\2.10.2\jackson-annotations-2.10.2.jar;C:\Users\vjajee\.m2\repository\com\fasterxml\jackson\core\jackson-databind\2.10.2\jackson-databind-2.10.2.jar;C:\Users\vjajee\.m2\repository\org\apache\avro\avro\1.8.2\avro-1.8.2.jar;C:\Users\vjajee\.m2\repository\org\codehaus\jackson\jackson-core-asl\1.9.13\jackson-core-asl-1.9.13.jar;C:\Users\vjajee\.m2\repository\org\codehaus\jackson\jackson-mapper-asl\1.9.13\jackson-mapper-asl-1.9.13.jar;C:\Users\vjajee\.m2\repository\com\thoughtworks\paranamer\paranamer\2.7\paranamer-2.7.jar;C:\Users\vjajee\.m2\repository\org\apache\commons\commons-compress\1.8.1\commons-compress-1.8.1.jar;C:\Users\vjajee\.m2\repository\org\tukaani\xz\1.5\xz-1.5.jar;C:\Users\vjajee\.m2\repository\org\xerial\snappy\snappy-java\1.1.4\snappy-java-1.1.4.jar;C:\Users\vjajee\.m2\repository\org\apache\beam\beam-sdks-java-io-google-cloud-platform\2.28.0\beam-sdks-java-io-google-cloud-platform-2.28.0.jar;C:\Users\vjajee\.m2\repository\org\checkerframework\checker-qual\3.7.0\checker-qual-3.7.0.jar;C:\Users\vjajee\.m2\repository\org\apache\beam\beam-sdks-java-expansion-service\2.28.0\beam-sdks-java-expansion-service-2.28.0.jar;C:\Users\vjajee\.m2\repository\org\apache\beam\beam-sdks-java-extensions-google-cloud-platform-core\2.28.0\beam-sdks-java-extensions-google-cloud-platform-core-2.28.0.jar;C:\Users\vjajee\.m2\repository\org\apache\beam\beam-runners-core-java\2.28.0\beam-runners-core-java-2.28.0.jar;C:\Users\vjajee\.m2\repository\com\google\cloud\bigdataoss\gcsio\2.1.6\gcsio-2.1.6.jar;C:\Users\vjajee\.m2\repository\com\github\rholder\guava-retrying\2.0.0\guava-retrying-2.0.0.jar;C:\Users\vjajee\.m2\repository\com\google\apis\google-api-services-cloudresourcemanager\v1-rev20200720-1.30.10\google-api-services-cloudresourcemanager-v1-rev20200720-1.30.10.jar;C:\Users\vjajee\.m2\repository\com\google\apis\google-api-services-storage\v1-rev20200611-1.30.10\google-api-services-storage-v1-rev20200611-1.30.10.jar;C:\Users\vjajee\.m2\repository\org\apache\beam\beam-sdks-java-extensions-protobuf\2.28.0\beam-sdks-java-extensions-protobuf-2.28.0.jar;C:\Users\vjajee\.m2\repository\com\google\cloud\bigdataoss\util\2.1.6\util-2.1.6.jar;C:\Users\vjajee\.m2\repository\com\google\api-client\google-api-client-java6\1.30.10\google-api-client-java6-1.30.10.jar;C:\Users\vjajee\.m2\repository\com\google\api-client\google-api-client-jackson2\1.30.10\google-api-client-jackson2-1.30.10.jar;C:\Users\vjajee\.m2\repository\com\google\apis\google-api-services-iamcredentials\v1-rev20201022-1.30.10\google-api-services-iamcredentials-v1-rev20201022-1.30.10.jar;C:\Users\vjajee\.m2\repository\com\google\auto\value\auto-value-annotations\1.7.2\auto-value-annotations-1.7.2.jar;C:\Users\vjajee\.m2\repository\com\google\oauth-client\google-oauth-client-java6\1.31.2\google-oauth-client-java6-1.31.2.jar;C:\Users\vjajee\.m2\repository\com\google\flogger\google-extensions\0.5.1\google-extensions-0.5.1.jar;C:\Users\vjajee\.m2\repository\com\google\flogger\flogger-system-backend\0.5.1\flogger-system-backend-0.5.1.jar;C:\Users\vjajee\.m2\repository\com\google\api\gax\1.60.0\gax-1.60.0.jar;C:\Users\vjajee\.m2\repository\org\threeten\threetenbp\1.4.1\threetenbp-1.4.1.jar;C:\Users\vjajee\.m2\repository\com\google\api\api-common\1.10.0\api-common-1.10.0.jar;C:\Users\vjajee\.m2\repository\com\google\api\gax-grpc\1.60.0\gax-grpc-1.60.0.jar;C:\Users\vjajee\.m2\repository\io\grpc\grpc-protobuf\1.32.2\grpc-protobuf-1.32.2.jar;C:\Users\vjajee\.m2\repository\com\google\apis\google-api-services-healthcare\v1beta1-rev20200713-1.30.10\google-api-services-healthcare-v1beta1-rev20200713-1.30.10.jar;C:\Users\vjajee\.m2\repository\com\google\auth\google-auth-library-credentials\0.21.1\google-auth-library-credentials-0.21.1.jar;C:\Users\vjajee\.m2\repository\com\google\auth\google-auth-library-oauth2-http\0.21.1\google-auth-library-oauth2-http-0.21.1.jar;C:\Users\vjajee\.m2\repository\com\google\cloud\google-cloud-bigquerystorage\1.5.5\google-cloud-bigquerystorage-1.5.5.jar;C:\Users\vjajee\.m2\repository\io\grpc\grpc-api\1.32.2\grpc-api-1.32.2.jar;C:\Users\vjajee\.m2\repository\org\codehaus\mojo\animal-sniffer-annotations\1.19\animal-sniffer-annotations-1.19.jar;C:\Users\vjajee\.m2\repository\io\grpc\grpc-protobuf-lite\1.32.1\grpc-protobuf-lite-1.32.1.jar;C:\Users\vjajee\.m2\repository\javax\annotation\javax.annotation-api\1.3.2\javax.annotation-api-1.3.2.jar;C:\Users\vjajee\.m2\repository\com\google\api\grpc\proto-google-cloud-bigquerystorage-v1alpha2\0.105.5\proto-google-cloud-bigquerystorage-v1alpha2-0.105.5.jar;C:\Users\vjajee\.m2\repository\com\google\api\grpc\proto-google-cloud-bigquerystorage-v1beta2\0.105.5\proto-google-cloud-bigquerystorage-v1beta2-0.105.5.jar;C:\Users\vjajee\.m2\repository\com\google\api\grpc\proto-google-cloud-bigquerystorage-v1\1.5.5\proto-google-cloud-bigquerystorage-v1-1.5.5.jar;C:\Users\vjajee\.m2\repository\com\google\guava\failureaccess\1.0.1\failureaccess-1.0.1.jar;C:\Users\vjajee\.m2\repository\com\google\guava\listenablefuture\9999.0-empty-to-avoid-conflict-with-guava\listenablefuture-9999.0-empty-to-avoid-conflict-with-guava.jar;C:\Users\vjajee\.m2\repository\org\checkerframework\checker-compat-qual\2.5.5\checker-compat-qual-2.5.5.jar;C:\Users\vjajee\.m2\repository\org\apache\commons\commons-lang3\3.5\commons-lang3-3.5.jar;C:\Users\vjajee\.m2\repository\org\json\json\20200518\json-20200518.jar;C:\Users\vjajee\.m2\repository\com\google\cloud\google-cloud-bigquery\1.122.2\google-cloud-bigquery-1.122.2.jar;C:\Users\vjajee\.m2\repository\com\google\protobuf\protobuf-java-util\3.13.0\protobuf-java-util-3.13.0.jar;C:\Users\vjajee\.m2\repository\com\google\code\gson\gson\2.8.6\gson-2.8.6.jar;C:\Users\vjajee\.m2\repository\com\google\api\grpc\proto-google-iam-v1\1.0.1\proto-google-iam-v1-1.0.1.jar;C:\Users\vjajee\.m2\repository\com\google\cloud\google-cloud-core-http\1.93.9\google-cloud-core-http-1.93.9.jar;C:\Users\vjajee\.m2\repository\com\google\http-client\google-http-client-appengine\1.36.0\google-http-client-appengine-1.36.0.jar;C:\Users\vjajee\.m2\repository\com\google\api\gax-httpjson\0.77.0\gax-httpjson-0.77.0.jar;C:\Users\vjajee\.m2\repository\commons-codec\commons-codec\1.11\commons-codec-1.11.jar;C:\Users\vjajee\.m2\repository\com\google\android\annotations\4.1.1.4\annotations-4.1.1.4.jar;C:\Users\vjajee\.m2\repository\io\perfmark\perfmark-api\0.19.0\perfmark-api-0.19.0.jar;C:\Users\vjajee\.m2\repository\com\google\api\grpc\grpc-google-cloud-bigquerystorage-v1beta1\0.105.5\grpc-google-cloud-bigquerystorage-v1beta1-0.105.5.jar;C:\Users\vjajee\.m2\repository\com\google\api\grpc\grpc-google-cloud-bigquerystorage-v1beta2\0.105.5\grpc-google-cloud-bigquerystorage-v1beta2-0.105.5.jar;C:\Users\vjajee\.m2\repository\com\google\api\grpc\grpc-google-cloud-bigquerystorage-v1\1.5.5\grpc-google-cloud-bigquerystorage-v1-1.5.5.jar;C:\Users\vjajee\.m2\repository\com\google\cloud\bigtable\bigtable-client-core\1.16.0\bigtable-client-core-1.16.0.jar;C:\Users\vjajee\.m2\repository\com\google\cloud\google-cloud-bigtable\1.16.1\google-cloud-bigtable-1.16.1.jar;C:\Users\vjajee\.m2\repository\com\google\api\grpc\grpc-google-common-protos\1.18.1\grpc-google-common-protos-1.18.1.jar;C:\Users\vjajee\.m2\repository\com\google\api\grpc\grpc-google-cloud-bigtable-v2\1.16.1\grpc-google-cloud-bigtable-v2-1.16.1.jar;C:\Users\vjajee\.m2\repository\com\google\api\grpc\proto-google-cloud-bigtable-admin-v2\1.16.1\proto-google-cloud-bigtable-admin-v2-1.16.1.jar;C:\Users\vjajee\.m2\repository\com\google\api\grpc\grpc-google-cloud-bigtable-admin-v2\1.16.1\grpc-google-cloud-bigtable-admin-v2-1.16.1.jar;C:\Users\vjajee\.m2\repository\io\opencensus\opencensus-contrib-grpc-util\0.24.0\opencensus-contrib-grpc-util-0.24.0.jar;C:\Users\vjajee\.m2\repository\io\dropwizard\metrics\metrics-core\3.2.6\metrics-core-3.2.6.jar;C:\Users\vjajee\.m2\repository\com\google\cloud\google-cloud-core\1.93.9\google-cloud-core-1.93.9.jar;C:\Users\vjajee\.m2\repository\com\google\cloud\google-cloud-core-grpc\1.93.9\google-cloud-core-grpc-1.93.9.jar;C:\Users\vjajee\.m2\repository\com\google\cloud\datastore\datastore-v1-proto-client\1.6.3\datastore-v1-proto-client-1.6.3.jar;C:\Users\vjajee\.m2\repository\com\google\http-client\google-http-client-protobuf\1.36.0\google-http-client-protobuf-1.36.0.jar;C:\Users\vjajee\.m2\repository\com\google\cloud\google-cloud-pubsublite\0.7.0\google-cloud-pubsublite-0.7.0.jar;C:\Users\vjajee\.m2\repository\com\google\flogger\flogger\0.5.1\flogger-0.5.1.jar;C:\Users\vjajee\.m2\repository\com\google\cloud\google-cloud-pubsub\1.108.3\google-cloud-pubsub-1.108.3.jar;C:\Users\vjajee\.m2\repository\com\google\cloud\google-cloud-spanner\2.0.2\google-cloud-spanner-2.0.2.jar;C:\Users\vjajee\.m2\repository\com\google\api\grpc\proto-google-cloud-spanner-admin-instance-v1\2.0.2\proto-google-cloud-spanner-admin-instance-v1-2.0.2.jar;C:\Users\vjajee\.m2\repository\com\google\api\grpc\proto-google-cloud-spanner-v1\2.0.2\proto-google-cloud-spanner-v1-2.0.2.jar;C:\Users\vjajee\.m2\repository\com\google\api\grpc\grpc-google-cloud-spanner-admin-instance-v1\2.0.2\grpc-google-cloud-spanner-admin-instance-v1-2.0.2.jar;C:\Users\vjajee\.m2\repository\com\google\api\grpc\grpc-google-cloud-spanner-v1\2.0.2\grpc-google-cloud-spanner-v1-2.0.2.jar;C:\Users\vjajee\.m2\repository\com\google\api\grpc\grpc-google-cloud-spanner-admin-database-v1\2.0.2\grpc-google-cloud-spanner-admin-database-v1-2.0.2.jar;C:\Users\vjajee\.m2\repository\com\google\http-client\google-http-client-jackson2\1.36.0\google-http-client-jackson2-1.36.0.jar;C:\Users\vjajee\.m2\repository\io\grpc\grpc-alts\1.32.2\grpc-alts-1.32.2.jar;C:\Users\vjajee\.m2\repository\io\grpc\grpc-auth\1.32.2\grpc-auth-1.32.2.jar;C:\Users\vjajee\.m2\repository\io\grpc\grpc-core\1.32.2\grpc-core-1.32.2.jar;C:\Users\vjajee\.m2\repository\io\grpc\grpc-context\1.32.2\grpc-context-1.32.2.jar;C:\Users\vjajee\.m2\repository\io\grpc\grpc-grpclb\1.32.2\grpc-grpclb-1.32.2.jar;C:\Users\vjajee\.m2\repository\io\grpc\grpc-netty\1.32.2\grpc-netty-1.32.2.jar;C:\Users\vjajee\.m2\repository\io\netty\netty-codec-http2\4.1.51.Final\netty-codec-http2-4.1.51.Final.jar;C:\Users\vjajee\.m2\repository\io\netty\netty-codec-http\4.1.51.Final\netty-codec-http-4.1.51.Final.jar;C:\Users\vjajee\.m2\repository\io\netty\netty-handler-proxy\4.1.51.Final\netty-handler-proxy-4.1.51.Final.jar;C:\Users\vjajee\.m2\repository\io\netty\netty-codec-socks\4.1.51.Final\netty-codec-socks-4.1.51.Final.jar;C:\Users\vjajee\.m2\repository\io\grpc\grpc-netty-shaded\1.32.2\grpc-netty-shaded-1.32.2.jar;C:\Users\vjajee\.m2\repository\io\grpc\grpc-stub\1.32.2\grpc-stub-1.32.2.jar;C:\Users\vjajee\.m2\repository\com\google\api\grpc\grpc-google-cloud-pubsub-v1\1.90.3\grpc-google-cloud-pubsub-v1-1.90.3.jar;C:\Users\vjajee\.m2\repository\com\google\api\grpc\grpc-google-cloud-pubsublite-v1\0.7.0\grpc-google-cloud-pubsublite-v1-0.7.0.jar;C:\Users\vjajee\.m2\repository\com\google\guava\guava\25.1-jre\guava-25.1-jre.jar;C:\Users\vjajee\.m2\repository\io\netty\netty-handler\4.1.51.Final\netty-handler-4.1.51.Final.jar;C:\Users\vjajee\.m2\repository\io\netty\netty-common\4.1.51.Final\netty-common-4.1.51.Final.jar;C:\Users\vjajee\.m2\repository\io\netty\netty-resolver\4.1.51.Final\netty-resolver-4.1.51.Final.jar;C:\Users\vjajee\.m2\repository\io\netty\netty-buffer\4.1.51.Final\netty-buffer-4.1.51.Final.jar;C:\Users\vjajee\.m2\repository\io\netty\netty-transport\4.1.51.Final\netty-transport-4.1.51.Final.jar;C:\Users\vjajee\.m2\repository\io\netty\netty-codec\4.1.51.Final\netty-codec-4.1.51.Final.jar;C:\Users\vjajee\.m2\repository\io\netty\netty-tcnative-boringssl-static\2.0.33.Final\netty-tcnative-boringssl-static-2.0.33.Final.jar;C:\Users\vjajee\.m2\repository\com\google\api\grpc\proto-google-cloud-bigquerystorage-v1beta1\0.105.5\proto-google-cloud-bigquerystorage-v1beta1-0.105.5.jar;C:\Users\vjajee\.m2\repository\com\google\api\grpc\proto-google-cloud-bigtable-v2\1.16.1\proto-google-cloud-bigtable-v2-1.16.1.jar;C:\Users\vjajee\.m2\repository\com\google\api\grpc\proto-google-cloud-datastore-v1\0.88.0\proto-google-cloud-datastore-v1-0.88.0.jar;C:\Users\vjajee\.m2\repository\com\google\api\grpc\proto-google-cloud-pubsub-v1\1.90.3\proto-google-cloud-pubsub-v1-1.90.3.jar;C:\Users\vjajee\.m2\repository\com\google\api\grpc\proto-google-cloud-pubsublite-v1\0.7.0\proto-google-cloud-pubsublite-v1-0.7.0.jar;C:\Users\vjajee\.m2\repository\com\google\api\grpc\proto-google-cloud-spanner-admin-database-v1\2.0.2\proto-google-cloud-spanner-admin-database-v1-2.0.2.jar;C:\Users\vjajee\.m2\repository\com\google\api\grpc\proto-google-common-protos\1.18.1\proto-google-common-protos-1.18.1.jar;C:\Users\vjajee\.m2\repository\com\google\protobuf\protobuf-java\3.13.0\protobuf-java-3.13.0.jar;C:\Users\vjajee\.m2\repository\com\google\api-client\google-api-client\1.30.10\google-api-client-1.30.10.jar;C:\Users\vjajee\.m2\repository\com\google\oauth-client\google-oauth-client\1.31.0\google-oauth-client-1.31.0.jar;C:\Users\vjajee\.m2\repository\com\google\apis\google-api-services-bigquery\v2-rev20200719-1.30.10\google-api-services-bigquery-v2-rev20200719-1.30.10.jar;C:\Users\vjajee\.m2\repository\com\google\http-client\google-http-client\1.36.0\google-http-client-1.36.0.jar;C:\Users\vjajee\.m2\repository\org\apache\httpcomponents\httpclient\4.5.12\httpclient-4.5.12.jar;C:\Users\vjajee\.m2\repository\org\apache\httpcomponents\httpcore\4.4.13\httpcore-4.4.13.jar;C:\Users\vjajee\.m2\repository\com\google\j2objc\j2objc-annotations\1.3\j2objc-annotations-1.3.jar;C:\Users\vjajee\.m2\repository\io\opencensus\opencensus-api\0.24.0\opencensus-api-0.24.0.jar;C:\Users\vjajee\.m2\repository\io\opencensus\opencensus-contrib-http-util\0.24.0\opencensus-contrib-http-util-0.24.0.jar;C:\Users\vjajee\.m2\repository\com\google\apis\google-api-services-pubsub\v1-rev20200713-1.30.10\google-api-services-pubsub-v1-rev20200713-1.30.10.jar;C:\Users\vjajee\.m2\repository\joda-time\joda-time\2.10.5\joda-time-2.10.5.jar;C:\Users\vjajee\.m2\repository\org\slf4j\slf4j-api\1.7.30\slf4j-api-1.7.30.jar;C:\Users\vjajee\.m2\repository\org\slf4j\slf4j-jdk14\1.7.30\slf4j-jdk14-1.7.30.jar;C:\Users\vjajee\.m2\repository\org\hamcrest\hamcrest-core\2.1\hamcrest-core-2.1.jar;C:\Users\vjajee\.m2\repository\org\hamcrest\hamcrest\2.1\hamcrest-2.1.jar;C:\Users\vjajee\.m2\repository\org\hamcrest\hamcrest-library\2.1\hamcrest-library-2.1.jar;C:\Users\vjajee\.m2\repository\junit\junit\4.13.1\junit-4.13.1.jar;C:\Users\vjajee\.m2\repository\org\apache\beam\beam-runners-direct-java\2.28.0\beam-runners-direct-java-2.28.0.jar;C:\Users\vjajee\.m2\repository\org\mockito\mockito-core\3.7.7\mockito-core-3.7.7.jar;C:\Users\vjajee\.m2\repository\net\bytebuddy\byte-buddy\1.10.19\byte-buddy-1.10.19.jar;C:\Users\vjajee\.m2\repository\net\bytebuddy\byte-buddy-agent\1.10.19\byte-buddy-agent-1.10.19.jar;C:\Users\vjajee\.m2\repository\org\objenesis\objenesis\3.1\objenesis-3.1.jar;C:\Users\vjajee\.m2\repository\org\apache\beam\beam-runners-portability-java\2.28.0\beam-runners-portability-java-2.28.0.jar;C:\Users\vjajee\.m2\repository\org\apache\beam\beam-runners-java-fn-execution\2.28.0\beam-runners-java-fn-execution-2.28.0.jar;C:\Users\vjajee\.m2\repository\org\apache\beam\beam-vendor-sdks-java-extensions-protobuf\2.28.0\beam-vendor-sdks-java-extensions-protobuf-2.28.0.jar;C:\Users\vjajee\.m2\repository\org\apache\beam\beam-runners-java-job-service\2.28.0\beam-runners-java-job-service-2.28.0.jar;C:\Users\vjajee\.m2\repository\args4j\args4j\2.33\args4j-2.33.jar;C:\Users\vjajee\.m2\repository\org\apache\beam\beam-sdks-java-harness\2.28.0\beam-sdks-java-harness-2.28.0.jar;C:\Users\vjajee\.m2\repository\org\apache\beam\beam-model-fn-execution\2.28.0\beam-model-fn-execution-2.28.0.jar;C:\Users\vjajee\.m2\repository\org\apache\beam\beam-runners-core-construction-java\2.28.0\beam-runners-core-construction-java-2.28.0.jar;C:\Users\vjajee\.m2\repository\io\github\classgraph\classgraph\4.8.65\classgraph-4.8.65.jar;C:\Users\vjajee\.m2\repository\org\apache\beam\beam-sdks-java-fn-execution\2.28.0\beam-sdks-java-fn-execution-2.28.0.jar;"/>
    <property name="sun.cpu.endian" value="little"/>
    <property name="user.home" value="C:\Users\vjajee"/>
    <property name="user.language" value="en"/>
    <property name="java.specification.vendor" value="Oracle Corporation"/>
    <property name="java.home" value="C:\Program Files\Java\jdk1.8.0_172\jre"/>
    <property name="basedir" value="D:\Technology\Code\ApacheBeam\word-count-beam"/>
    <property name="file.separator" value="\"/>
    <property name="line.separator" value="&#10;"/>
    <property name="java.vm.specification.vendor" value="Oracle Corporation"/>
    <property name="java.specification.name" value="Java Platform API Specification"/>
    <property name="java.awt.graphicsenv" value="sun.awt.Win32GraphicsEnvironment"/>
    <property name="surefire.real.class.path" value="C:\Users\vjajee\AppData\Local\Temp\surefire8724183937513042602\surefirebooter7982034279091717350.jar"/>
    <property name="sun.boot.class.path" value="C:\Program Files\Java\jdk1.8.0_172\jre\lib\resources.jar;C:\Program Files\Java\jdk1.8.0_172\jre\lib\rt.jar;C:\Program Files\Java\jdk1.8.0_172\jre\lib\sunrsasign.jar;C:\Program Files\Java\jdk1.8.0_172\jre\lib\jsse.jar;C:\Program Files\Java\jdk1.8.0_172\jre\lib\jce.jar;C:\Program Files\Java\jdk1.8.0_172\jre\lib\charsets.jar;C:\Program Files\Java\jdk1.8.0_172\jre\lib\jfr.jar;C:\Program Files\Java\jdk1.8.0_172\jre\classes"/>
    <property name="user.script" value=""/>
    <property name="sun.management.compiler" value="HotSpot 64-Bit Tiered Compilers"/>
    <property name="java.runtime.version" value="1.8.0_172-b11"/>
    <property name="user.name" value="vjajee"/>
    <property name="path.separator" value=";"/>
    <property name="os.version" value="10.0"/>
    <property name="java.endorsed.dirs" value="C:\Program Files\Java\jdk1.8.0_172\jre\lib\endorsed"/>
    <property name="java.runtime.name" value="Java(TM) SE Runtime Environment"/>
    <property name="file.encoding" value="Cp1252"/>
    <property name="java.vm.name" value="Java HotSpot(TM) 64-Bit Server VM"/>
    <property name="localRepository" value="C:\Users\vjajee\.m2\repository"/>
    <property name="java.vendor.url.bug" value="http://bugreport.sun.com/bugreport/"/>
    <property name="java.io.tmpdir" value="C:\Users\vjajee\AppData\Local\Temp\"/>
    <property name="java.version" value="1.8.0_172"/>
    <property name="user.dir" value="D:\Technology\Code\ApacheBeam\word-count-beam"/>
    <property name="os.arch" value="amd64"/>
    <property name="java.vm.specification.name" value="Java Virtual Machine Specification"/>
    <property name="java.awt.printerjob" value="sun.awt.windows.WPrinterJob"/>
    <property name="sun.os.patch.level" value=""/>
    <property name="java.library.path" value="C:\Program Files\Java\jdk1.8.0_172\jre\bin;C:\Windows\Sun\Java\bin;C:\Windows\system32;C:\Windows;C:\Program Files (x86)\Microsoft SDKs\Azure\CLI2\wbin;C:\Program Files (x86)\Common Files\Oracle\Java\javapath;C:\Windows\system32;C:\Windows;C:\Windows\System32\Wbem;C:\Windows\System32\WindowsPowerShell\v1.0\;C:\Windows\System32\OpenSSH\;C:\Program Files\ojdkbuild\java-1.8.0-openjdk-1.8.0.181-1\bin;C:\Program Files\PuTTY\;C:\Program Files\Git\cmd;C:\Users\vjajee\apache-maven-3.6.3;C:\Users\vjajee\apache-maven-3.6.3\bin;C:\Program Files\Java\jdk1.8.0_172\bin;D:\programfiles\scala\bin;C:\Program Files (x86)\scala\bin;;C:\Program Files\Docker\Docker\resources\bin;C:\ProgramData\DockerDesktop\version-bin;C:\Users\vjajee\AppData\Local\Microsoft\WindowsApps;C:\Users\vjajee\AppData\Local\Google\Cloud SDK\google-cloud-sdk\bin;."/>
    <property name="java.vm.info" value="mixed mode"/>
    <property name="java.vendor" value="Oracle Corporation"/>
    <property name="java.vm.version" value="25.172-b11"/>
    <property name="java.ext.dirs" value="C:\Program Files\Java\jdk1.8.0_172\jre\lib\ext;C:\Windows\Sun\Java\lib\ext"/>
    <property name="sun.io.unicode.encoding" value="UnicodeLittle"/>
    <property name="java.class.version" value="52.0"/>
  </properties>
  <testcase name="testExampleEchoPipeline" classname="org.apache.beam.examples.subprocess.ExampleEchoPipelineTest" time="7.764">
    <error message="java.lang.Exception: java.io.IOException: Cannot run program &quot;C:\Users\vjajee\AppData\Local\Temp\test-Echoo2738827179910398233\test-Echo2911294525614995893.sh&quot;: CreateProcess error=193, %1 is not a valid Win32 application" type="org.apache.beam.sdk.Pipeline$PipelineExecutionException"><![CDATA[org.apache.beam.sdk.Pipeline$PipelineExecutionException: java.lang.Exception: java.io.IOException: Cannot run program "C:\Users\vjajee\AppData\Local\Temp\test-Echoo2738827179910398233\test-Echo2911294525614995893.sh": CreateProcess error=193, %1 is not a valid Win32 application
	at org.apache.beam.examples.subprocess.ExampleEchoPipelineTest.testExampleEchoPipeline(ExampleEchoPipelineTest.java:124)
Caused by: java.lang.Exception: java.io.IOException: Cannot run program "C:\Users\vjajee\AppData\Local\Temp\test-Echoo2738827179910398233\test-Echo2911294525614995893.sh": CreateProcess error=193, %1 is not a valid Win32 application
Caused by: java.io.IOException: Cannot run program "C:\Users\vjajee\AppData\Local\Temp\test-Echoo2738827179910398233\test-Echo2911294525614995893.sh": CreateProcess error=193, %1 is not a valid Win32 application
Caused by: java.io.IOException: CreateProcess error=193, %1 is not a valid Win32 application
]]></error>
    <system-err><![CDATA[May 12, 2021 9:59:39 AM org.apache.beam.examples.subprocess.utils.CallingSubProcessUtils initSemaphore
INFO: Initialized Semaphore for binary test-Echo2911294525614995893.sh 
May 12, 2021 9:59:39 AM org.apache.beam.examples.subprocess.utils.CallingSubProcessUtils setUp
INFO: Calling filesetup to move Executables to worker.
May 12, 2021 9:59:39 AM org.apache.beam.examples.subprocess.utils.FileUtils copyFileFromGCSToWorker
INFO: Moving File C:\Users\vjajee\AppData\Local\Temp\test-Echo2911294525614995893.sh to C:\Users\vjajee\AppData\Local\Temp\test-Echoo2738827179910398233\test-Echo2911294525614995893.sh 
May 12, 2021 9:59:39 AM org.apache.beam.examples.subprocess.kernel.SubProcessKernel execBinary
SEVERE: Error running process with parameters C:\Users\vjajee\AppData\Local\Temp\test-Echoo2738827179910398233\test-Echo2911294525614995893.sh,C:\Users\vjajee\AppData\Local\Temp\test-Echoo2738827179910398233\616dfc33-10b6-4d15-a871-767927537c02.res,18 error was Cannot run program "C:\Users\vjajee\AppData\Local\Temp\test-Echoo2738827179910398233\test-Echo2911294525614995893.sh": CreateProcess error=193, %1 is not a valid Win32 application 
May 12, 2021 9:59:39 AM org.apache.beam.examples.subprocess.kernel.SubProcessKernel exec
SEVERE: Error running executable 
java.lang.Exception: java.io.IOException: Cannot run program "C:\Users\vjajee\AppData\Local\Temp\test-Echoo2738827179910398233\test-Echo2911294525614995893.sh": CreateProcess error=193, %1 is not a valid Win32 application
	at org.apache.beam.examples.subprocess.kernel.SubProcessKernel.execBinary(SubProcessKernel.java:173)
	at org.apache.beam.examples.subprocess.kernel.SubProcessKernel.exec(SubProcessKernel.java:71)
	at org.apache.beam.examples.subprocess.ExampleEchoPipelineTest$EchoInputDoFn.processElement(ExampleEchoPipelineTest.java:160)
	at org.apache.beam.examples.subprocess.ExampleEchoPipelineTest$EchoInputDoFn$DoFnInvoker.invokeProcessElement(Unknown Source)
	at org.apache.beam.repackaged.direct_java.runners.core.SimpleDoFnRunner.invokeProcessElement(SimpleDoFnRunner.java:232)
	at org.apache.beam.repackaged.direct_java.runners.core.SimpleDoFnRunner.processElement(SimpleDoFnRunner.java:191)
	at org.apache.beam.repackaged.direct_java.runners.core.SimplePushbackSideInputDoFnRunner.processElementInReadyWindows(SimplePushbackSideInputDoFnRunner.java:79)
	at org.apache.beam.runners.direct.ParDoEvaluator.processElement(ParDoEvaluator.java:244)
	at org.apache.beam.runners.direct.DoFnLifecycleManagerRemovingTransformEvaluator.processElement(DoFnLifecycleManagerRemovingTransformEvaluator.java:54)
	at org.apache.beam.runners.direct.DirectTransformExecutor.processElements(DirectTransformExecutor.java:165)
	at org.apache.beam.runners.direct.DirectTransformExecutor.run(DirectTransformExecutor.java:129)
	at java.util.concurrent.Executors$RunnableAdapter.call(Executors.java:511)
	at java.util.concurrent.FutureTask.run(FutureTask.java:266)
	at java.util.concurrent.ThreadPoolExecutor.runWorker(ThreadPoolExecutor.java:1149)
	at java.util.concurrent.ThreadPoolExecutor$Worker.run(ThreadPoolExecutor.java:624)
	at java.lang.Thread.run(Thread.java:748)
Caused by: java.io.IOException: Cannot run program "C:\Users\vjajee\AppData\Local\Temp\test-Echoo2738827179910398233\test-Echo2911294525614995893.sh": CreateProcess error=193, %1 is not a valid Win32 application
	at java.lang.ProcessBuilder.start(ProcessBuilder.java:1048)
	at org.apache.beam.examples.subprocess.kernel.SubProcessKernel.execBinary(SubProcessKernel.java:153)
	... 15 more
Caused by: java.io.IOException: CreateProcess error=193, %1 is not a valid Win32 application
	at java.lang.ProcessImpl.create(Native Method)
	at java.lang.ProcessImpl.<init>(ProcessImpl.java:386)
	at java.lang.ProcessImpl.start(ProcessImpl.java:137)
	at java.lang.ProcessBuilder.start(ProcessBuilder.java:1029)
	... 16 more

May 12, 2021 9:59:40 AM org.apache.beam.examples.subprocess.kernel.SubProcessKernel execBinary
SEVERE: Error running process with parameters C:\Users\vjajee\AppData\Local\Temp\test-Echoo2738827179910398233\test-Echo2911294525614995893.sh,C:\Users\vjajee\AppData\Local\Temp\test-Echoo2738827179910398233\ef62caeb-a198-40be-a654-0e6eee869c74.res,96 error was Cannot run program "C:\Users\vjajee\AppData\Local\Temp\test-Echoo2738827179910398233\test-Echo2911294525614995893.sh": CreateProcess error=193, %1 is not a valid Win32 application 
May 12, 2021 9:59:40 AM org.apache.beam.examples.subprocess.kernel.SubProcessKernel exec
SEVERE: Error running executable 
java.lang.Exception: java.io.IOException: Cannot run program "C:\Users\vjajee\AppData\Local\Temp\test-Echoo2738827179910398233\test-Echo2911294525614995893.sh": CreateProcess error=193, %1 is not a valid Win32 application
	at org.apache.beam.examples.subprocess.kernel.SubProcessKernel.execBinary(SubProcessKernel.java:173)
	at org.apache.beam.examples.subprocess.kernel.SubProcessKernel.exec(SubProcessKernel.java:71)
	at org.apache.beam.examples.subprocess.ExampleEchoPipelineTest$EchoInputDoFn.processElement(ExampleEchoPipelineTest.java:160)
	at org.apache.beam.examples.subprocess.ExampleEchoPipelineTest$EchoInputDoFn$DoFnInvoker.invokeProcessElement(Unknown Source)
	at org.apache.beam.repackaged.direct_java.runners.core.SimpleDoFnRunner.invokeProcessElement(SimpleDoFnRunner.java:232)
	at org.apache.beam.repackaged.direct_java.runners.core.SimpleDoFnRunner.processElement(SimpleDoFnRunner.java:191)
	at org.apache.beam.repackaged.direct_java.runners.core.SimplePushbackSideInputDoFnRunner.processElementInReadyWindows(SimplePushbackSideInputDoFnRunner.java:79)
	at org.apache.beam.runners.direct.ParDoEvaluator.processElement(ParDoEvaluator.java:244)
	at org.apache.beam.runners.direct.DoFnLifecycleManagerRemovingTransformEvaluator.processElement(DoFnLifecycleManagerRemovingTransformEvaluator.java:54)
	at org.apache.beam.runners.direct.DirectTransformExecutor.processElements(DirectTransformExecutor.java:165)
	at org.apache.beam.runners.direct.DirectTransformExecutor.run(DirectTransformExecutor.java:129)
	at java.util.concurrent.Executors$RunnableAdapter.call(Executors.java:511)
	at java.util.concurrent.FutureTask.run(FutureTask.java:266)
	at java.util.concurrent.ThreadPoolExecutor.runWorker(ThreadPoolExecutor.java:1149)
	at java.util.concurrent.ThreadPoolExecutor$Worker.run(ThreadPoolExecutor.java:624)
	at java.lang.Thread.run(Thread.java:748)
Caused by: java.io.IOException: Cannot run program "C:\Users\vjajee\AppData\Local\Temp\test-Echoo2738827179910398233\test-Echo2911294525614995893.sh": CreateProcess error=193, %1 is not a valid Win32 application
	at java.lang.ProcessBuilder.start(ProcessBuilder.java:1048)
	at org.apache.beam.examples.subprocess.kernel.SubProcessKernel.execBinary(SubProcessKernel.java:153)
	... 15 more
Caused by: java.io.IOException: CreateProcess error=193, %1 is not a valid Win32 application
	at java.lang.ProcessImpl.create(Native Method)
	at java.lang.ProcessImpl.<init>(ProcessImpl.java:386)
	at java.lang.ProcessImpl.start(ProcessImpl.java:137)
	at java.lang.ProcessBuilder.start(ProcessBuilder.java:1029)
	... 16 more

May 12, 2021 9:59:40 AM org.apache.beam.examples.subprocess.ExampleEchoPipelineTest$EchoInputDoFn processElement
SEVERE: Error processing element 
java.lang.Exception: java.io.IOException: Cannot run program "C:\Users\vjajee\AppData\Local\Temp\test-Echoo2738827179910398233\test-Echo2911294525614995893.sh": CreateProcess error=193, %1 is not a valid Win32 application
	at org.apache.beam.examples.subprocess.kernel.SubProcessKernel.execBinary(SubProcessKernel.java:173)
	at org.apache.beam.examples.subprocess.kernel.SubProcessKernel.exec(SubProcessKernel.java:71)
	at org.apache.beam.examples.subprocess.ExampleEchoPipelineTest$EchoInputDoFn.processElement(ExampleEchoPipelineTest.java:160)
	at org.apache.beam.examples.subprocess.ExampleEchoPipelineTest$EchoInputDoFn$DoFnInvoker.invokeProcessElement(Unknown Source)
	at org.apache.beam.repackaged.direct_java.runners.core.SimpleDoFnRunner.invokeProcessElement(SimpleDoFnRunner.java:232)
	at org.apache.beam.repackaged.direct_java.runners.core.SimpleDoFnRunner.processElement(SimpleDoFnRunner.java:191)
	at org.apache.beam.repackaged.direct_java.runners.core.SimplePushbackSideInputDoFnRunner.processElementInReadyWindows(SimplePushbackSideInputDoFnRunner.java:79)
	at org.apache.beam.runners.direct.ParDoEvaluator.processElement(ParDoEvaluator.java:244)
	at org.apache.beam.runners.direct.DoFnLifecycleManagerRemovingTransformEvaluator.processElement(DoFnLifecycleManagerRemovingTransformEvaluator.java:54)
	at org.apache.beam.runners.direct.DirectTransformExecutor.processElements(DirectTransformExecutor.java:165)
	at org.apache.beam.runners.direct.DirectTransformExecutor.run(DirectTransformExecutor.java:129)
	at java.util.concurrent.Executors$RunnableAdapter.call(Executors.java:511)
	at java.util.concurrent.FutureTask.run(FutureTask.java:266)
	at java.util.concurrent.ThreadPoolExecutor.runWorker(ThreadPoolExecutor.java:1149)
	at java.util.concurrent.ThreadPoolExecutor$Worker.run(ThreadPoolExecutor.java:624)
	at java.lang.Thread.run(Thread.java:748)
Caused by: java.io.IOException: Cannot run program "C:\Users\vjajee\AppData\Local\Temp\test-Echoo2738827179910398233\test-Echo2911294525614995893.sh": CreateProcess error=193, %1 is not a valid Win32 application
	at java.lang.ProcessBuilder.start(ProcessBuilder.java:1048)
	at org.apache.beam.examples.subprocess.kernel.SubProcessKernel.execBinary(SubProcessKernel.java:153)
	... 15 more
Caused by: java.io.IOException: CreateProcess error=193, %1 is not a valid Win32 application
	at java.lang.ProcessImpl.create(Native Method)
	at java.lang.ProcessImpl.<init>(ProcessImpl.java:386)
	at java.lang.ProcessImpl.start(ProcessImpl.java:137)
	at java.lang.ProcessBuilder.start(ProcessBuilder.java:1029)
	... 16 more

May 12, 2021 9:59:40 AM org.apache.beam.examples.subprocess.ExampleEchoPipelineTest$EchoInputDoFn processElement
SEVERE: Error processing element 
java.lang.Exception: java.io.IOException: Cannot run program "C:\Users\vjajee\AppData\Local\Temp\test-Echoo2738827179910398233\test-Echo2911294525614995893.sh": CreateProcess error=193, %1 is not a valid Win32 application
	at org.apache.beam.examples.subprocess.kernel.SubProcessKernel.execBinary(SubProcessKernel.java:173)
	at org.apache.beam.examples.subprocess.kernel.SubProcessKernel.exec(SubProcessKernel.java:71)
	at org.apache.beam.examples.subprocess.ExampleEchoPipelineTest$EchoInputDoFn.processElement(ExampleEchoPipelineTest.java:160)
	at org.apache.beam.examples.subprocess.ExampleEchoPipelineTest$EchoInputDoFn$DoFnInvoker.invokeProcessElement(Unknown Source)
	at org.apache.beam.repackaged.direct_java.runners.core.SimpleDoFnRunner.invokeProcessElement(SimpleDoFnRunner.java:232)
	at org.apache.beam.repackaged.direct_java.runners.core.SimpleDoFnRunner.processElement(SimpleDoFnRunner.java:191)
	at org.apache.beam.repackaged.direct_java.runners.core.SimplePushbackSideInputDoFnRunner.processElementInReadyWindows(SimplePushbackSideInputDoFnRunner.java:79)
	at org.apache.beam.runners.direct.ParDoEvaluator.processElement(ParDoEvaluator.java:244)
	at org.apache.beam.runners.direct.DoFnLifecycleManagerRemovingTransformEvaluator.processElement(DoFnLifecycleManagerRemovingTransformEvaluator.java:54)
	at org.apache.beam.runners.direct.DirectTransformExecutor.processElements(DirectTransformExecutor.java:165)
	at org.apache.beam.runners.direct.DirectTransformExecutor.run(DirectTransformExecutor.java:129)
	at java.util.concurrent.Executors$RunnableAdapter.call(Executors.java:511)
	at java.util.concurrent.FutureTask.run(FutureTask.java:266)
	at java.util.concurrent.ThreadPoolExecutor.runWorker(ThreadPoolExecutor.java:1149)
	at java.util.concurrent.ThreadPoolExecutor$Worker.run(ThreadPoolExecutor.java:624)
	at java.lang.Thread.run(Thread.java:748)
Caused by: java.io.IOException: Cannot run program "C:\Users\vjajee\AppData\Local\Temp\test-Echoo2738827179910398233\test-Echo2911294525614995893.sh": CreateProcess error=193, %1 is not a valid Win32 application
	at java.lang.ProcessBuilder.start(ProcessBuilder.java:1048)
	at org.apache.beam.examples.subprocess.kernel.SubProcessKernel.execBinary(SubProcessKernel.java:153)
	... 15 more
Caused by: java.io.IOException: CreateProcess error=193, %1 is not a valid Win32 application
	at java.lang.ProcessImpl.create(Native Method)
	at java.lang.ProcessImpl.<init>(ProcessImpl.java:386)
	at java.lang.ProcessImpl.start(ProcessImpl.java:137)
	at java.lang.ProcessBuilder.start(ProcessBuilder.java:1029)
	... 16 more

May 12, 2021 9:59:40 AM org.apache.beam.examples.subprocess.kernel.SubProcessKernel execBinary
SEVERE: Error running process with parameters C:\Users\vjajee\AppData\Local\Temp\test-Echoo2738827179910398233\test-Echo2911294525614995893.sh,C:\Users\vjajee\AppData\Local\Temp\test-Echoo2738827179910398233\45ab407c-3474-40fd-b032-d12172367dc6.res,66 error was Cannot run program "C:\Users\vjajee\AppData\Local\Temp\test-Echoo2738827179910398233\test-Echo2911294525614995893.sh": CreateProcess error=193, %1 is not a valid Win32 application 
May 12, 2021 9:59:40 AM org.apache.beam.examples.subprocess.kernel.SubProcessKernel exec
SEVERE: Error running executable 
java.lang.Exception: java.io.IOException: Cannot run program "C:\Users\vjajee\AppData\Local\Temp\test-Echoo2738827179910398233\test-Echo2911294525614995893.sh": CreateProcess error=193, %1 is not a valid Win32 application
	at org.apache.beam.examples.subprocess.kernel.SubProcessKernel.execBinary(SubProcessKernel.java:173)
	at org.apache.beam.examples.subprocess.kernel.SubProcessKernel.exec(SubProcessKernel.java:71)
	at org.apache.beam.examples.subprocess.ExampleEchoPipelineTest$EchoInputDoFn.processElement(ExampleEchoPipelineTest.java:160)
	at org.apache.beam.examples.subprocess.ExampleEchoPipelineTest$EchoInputDoFn$DoFnInvoker.invokeProcessElement(Unknown Source)
	at org.apache.beam.repackaged.direct_java.runners.core.SimpleDoFnRunner.invokeProcessElement(SimpleDoFnRunner.java:232)
	at org.apache.beam.repackaged.direct_java.runners.core.SimpleDoFnRunner.processElement(SimpleDoFnRunner.java:191)
	at org.apache.beam.repackaged.direct_java.runners.core.SimplePushbackSideInputDoFnRunner.processElementInReadyWindows(SimplePushbackSideInputDoFnRunner.java:79)
	at org.apache.beam.runners.direct.ParDoEvaluator.processElement(ParDoEvaluator.java:244)
	at org.apache.beam.runners.direct.DoFnLifecycleManagerRemovingTransformEvaluator.processElement(DoFnLifecycleManagerRemovingTransformEvaluator.java:54)
	at org.apache.beam.runners.direct.DirectTransformExecutor.processElements(DirectTransformExecutor.java:165)
	at org.apache.beam.runners.direct.DirectTransformExecutor.run(DirectTransformExecutor.java:129)
	at java.util.concurrent.Executors$RunnableAdapter.call(Executors.java:511)
	at java.util.concurrent.FutureTask.run(FutureTask.java:266)
	at java.util.concurrent.ThreadPoolExecutor.runWorker(ThreadPoolExecutor.java:1149)
	at java.util.concurrent.ThreadPoolExecutor$Worker.run(ThreadPoolExecutor.java:624)
	at java.lang.Thread.run(Thread.java:748)
Caused by: java.io.IOException: Cannot run program "C:\Users\vjajee\AppData\Local\Temp\test-Echoo2738827179910398233\test-Echo2911294525614995893.sh": CreateProcess error=193, %1 is not a valid Win32 application
	at java.lang.ProcessBuilder.start(ProcessBuilder.java:1048)
	at org.apache.beam.examples.subprocess.kernel.SubProcessKernel.execBinary(SubProcessKernel.java:153)
	... 15 more
Caused by: java.io.IOException: CreateProcess error=193, %1 is not a valid Win32 application
	at java.lang.ProcessImpl.create(Native Method)
	at java.lang.ProcessImpl.<init>(ProcessImpl.java:386)
	at java.lang.ProcessImpl.start(ProcessImpl.java:137)
	at java.lang.ProcessBuilder.start(ProcessBuilder.java:1029)
	... 16 more

May 12, 2021 9:59:40 AM org.apache.beam.examples.subprocess.ExampleEchoPipelineTest$EchoInputDoFn processElement
SEVERE: Error processing element 
java.lang.Exception: java.io.IOException: Cannot run program "C:\Users\vjajee\AppData\Local\Temp\test-Echoo2738827179910398233\test-Echo2911294525614995893.sh": CreateProcess error=193, %1 is not a valid Win32 application
	at org.apache.beam.examples.subprocess.kernel.SubProcessKernel.execBinary(SubProcessKernel.java:173)
	at org.apache.beam.examples.subprocess.kernel.SubProcessKernel.exec(SubProcessKernel.java:71)
	at org.apache.beam.examples.subprocess.ExampleEchoPipelineTest$EchoInputDoFn.processElement(ExampleEchoPipelineTest.java:160)
	at org.apache.beam.examples.subprocess.ExampleEchoPipelineTest$EchoInputDoFn$DoFnInvoker.invokeProcessElement(Unknown Source)
	at org.apache.beam.repackaged.direct_java.runners.core.SimpleDoFnRunner.invokeProcessElement(SimpleDoFnRunner.java:232)
	at org.apache.beam.repackaged.direct_java.runners.core.SimpleDoFnRunner.processElement(SimpleDoFnRunner.java:191)
	at org.apache.beam.repackaged.direct_java.runners.core.SimplePushbackSideInputDoFnRunner.processElementInReadyWindows(SimplePushbackSideInputDoFnRunner.java:79)
	at org.apache.beam.runners.direct.ParDoEvaluator.processElement(ParDoEvaluator.java:244)
	at org.apache.beam.runners.direct.DoFnLifecycleManagerRemovingTransformEvaluator.processElement(DoFnLifecycleManagerRemovingTransformEvaluator.java:54)
	at org.apache.beam.runners.direct.DirectTransformExecutor.processElements(DirectTransformExecutor.java:165)
	at org.apache.beam.runners.direct.DirectTransformExecutor.run(DirectTransformExecutor.java:129)
	at java.util.concurrent.Executors$RunnableAdapter.call(Executors.java:511)
	at java.util.concurrent.FutureTask.run(FutureTask.java:266)
	at java.util.concurrent.ThreadPoolExecutor.runWorker(ThreadPoolExecutor.java:1149)
	at java.util.concurrent.ThreadPoolExecutor$Worker.run(ThreadPoolExecutor.java:624)
	at java.lang.Thread.run(Thread.java:748)
Caused by: java.io.IOException: Cannot run program "C:\Users\vjajee\AppData\Local\Temp\test-Echoo2738827179910398233\test-Echo2911294525614995893.sh": CreateProcess error=193, %1 is not a valid Win32 application
	at java.lang.ProcessBuilder.start(ProcessBuilder.java:1048)
	at org.apache.beam.examples.subprocess.kernel.SubProcessKernel.execBinary(SubProcessKernel.java:153)
	... 15 more
Caused by: java.io.IOException: CreateProcess error=193, %1 is not a valid Win32 application
	at java.lang.ProcessImpl.create(Native Method)
	at java.lang.ProcessImpl.<init>(ProcessImpl.java:386)
	at java.lang.ProcessImpl.start(ProcessImpl.java:137)
	at java.lang.ProcessBuilder.start(ProcessBuilder.java:1029)
	... 16 more

May 12, 2021 9:59:40 AM org.apache.beam.examples.subprocess.kernel.SubProcessKernel execBinary
SEVERE: Error running process with parameters C:\Users\vjajee\AppData\Local\Temp\test-Echoo2738827179910398233\test-Echo2911294525614995893.sh,C:\Users\vjajee\AppData\Local\Temp\test-Echoo2738827179910398233\82122a44-6ecc-4ae9-8b18-bb63254f60bf.res,42 error was Cannot run program "C:\Users\vjajee\AppData\Local\Temp\test-Echoo2738827179910398233\test-Echo2911294525614995893.sh": CreateProcess error=193, %1 is not a valid Win32 application 
May 12, 2021 9:59:40 AM org.apache.beam.examples.subprocess.kernel.SubProcessKernel exec
SEVERE: Error running executable 
java.lang.Exception: java.io.IOException: Cannot run program "C:\Users\vjajee\AppData\Local\Temp\test-Echoo2738827179910398233\test-Echo2911294525614995893.sh": CreateProcess error=193, %1 is not a valid Win32 application
	at org.apache.beam.examples.subprocess.kernel.SubProcessKernel.execBinary(SubProcessKernel.java:173)
	at org.apache.beam.examples.subprocess.kernel.SubProcessKernel.exec(SubProcessKernel.java:71)
	at org.apache.beam.examples.subprocess.ExampleEchoPipelineTest$EchoInputDoFn.processElement(ExampleEchoPipelineTest.java:160)
	at org.apache.beam.examples.subprocess.ExampleEchoPipelineTest$EchoInputDoFn$DoFnInvoker.invokeProcessElement(Unknown Source)
	at org.apache.beam.repackaged.direct_java.runners.core.SimpleDoFnRunner.invokeProcessElement(SimpleDoFnRunner.java:232)
	at org.apache.beam.repackaged.direct_java.runners.core.SimpleDoFnRunner.processElement(SimpleDoFnRunner.java:191)
	at org.apache.beam.repackaged.direct_java.runners.core.SimplePushbackSideInputDoFnRunner.processElementInReadyWindows(SimplePushbackSideInputDoFnRunner.java:79)
	at org.apache.beam.runners.direct.ParDoEvaluator.processElement(ParDoEvaluator.java:244)
	at org.apache.beam.runners.direct.DoFnLifecycleManagerRemovingTransformEvaluator.processElement(DoFnLifecycleManagerRemovingTransformEvaluator.java:54)
	at org.apache.beam.runners.direct.DirectTransformExecutor.processElements(DirectTransformExecutor.java:165)
	at org.apache.beam.runners.direct.DirectTransformExecutor.run(DirectTransformExecutor.java:129)
	at java.util.concurrent.Executors$RunnableAdapter.call(Executors.java:511)
	at java.util.concurrent.FutureTask.run(FutureTask.java:266)
	at java.util.concurrent.ThreadPoolExecutor.runWorker(ThreadPoolExecutor.java:1149)
	at java.util.concurrent.ThreadPoolExecutor$Worker.run(ThreadPoolExecutor.java:624)
	at java.lang.Thread.run(Thread.java:748)
Caused by: java.io.IOException: Cannot run program "C:\Users\vjajee\AppData\Local\Temp\test-Echoo2738827179910398233\test-Echo2911294525614995893.sh": CreateProcess error=193, %1 is not a valid Win32 application
	at java.lang.ProcessBuilder.start(ProcessBuilder.java:1048)
	at org.apache.beam.examples.subprocess.kernel.SubProcessKernel.execBinary(SubProcessKernel.java:153)
	... 15 more
Caused by: java.io.IOException: CreateProcess error=193, %1 is not a valid Win32 application
	at java.lang.ProcessImpl.create(Native Method)
	at java.lang.ProcessImpl.<init>(ProcessImpl.java:386)
	at java.lang.ProcessImpl.start(ProcessImpl.java:137)
	at java.lang.ProcessBuilder.start(ProcessBuilder.java:1029)
	... 16 more

May 12, 2021 9:59:40 AM org.apache.beam.examples.subprocess.ExampleEchoPipelineTest$EchoInputDoFn processElement
SEVERE: Error processing element 
java.lang.Exception: java.io.IOException: Cannot run program "C:\Users\vjajee\AppData\Local\Temp\test-Echoo2738827179910398233\test-Echo2911294525614995893.sh": CreateProcess error=193, %1 is not a valid Win32 application
	at org.apache.beam.examples.subprocess.kernel.SubProcessKernel.execBinary(SubProcessKernel.java:173)
	at org.apache.beam.examples.subprocess.kernel.SubProcessKernel.exec(SubProcessKernel.java:71)
	at org.apache.beam.examples.subprocess.ExampleEchoPipelineTest$EchoInputDoFn.processElement(ExampleEchoPipelineTest.java:160)
	at org.apache.beam.examples.subprocess.ExampleEchoPipelineTest$EchoInputDoFn$DoFnInvoker.invokeProcessElement(Unknown Source)
	at org.apache.beam.repackaged.direct_java.runners.core.SimpleDoFnRunner.invokeProcessElement(SimpleDoFnRunner.java:232)
	at org.apache.beam.repackaged.direct_java.runners.core.SimpleDoFnRunner.processElement(SimpleDoFnRunner.java:191)
	at org.apache.beam.repackaged.direct_java.runners.core.SimplePushbackSideInputDoFnRunner.processElementInReadyWindows(SimplePushbackSideInputDoFnRunner.java:79)
	at org.apache.beam.runners.direct.ParDoEvaluator.processElement(ParDoEvaluator.java:244)
	at org.apache.beam.runners.direct.DoFnLifecycleManagerRemovingTransformEvaluator.processElement(DoFnLifecycleManagerRemovingTransformEvaluator.java:54)
	at org.apache.beam.runners.direct.DirectTransformExecutor.processElements(DirectTransformExecutor.java:165)
	at org.apache.beam.runners.direct.DirectTransformExecutor.run(DirectTransformExecutor.java:129)
	at java.util.concurrent.Executors$RunnableAdapter.call(Executors.java:511)
	at java.util.concurrent.FutureTask.run(FutureTask.java:266)
	at java.util.concurrent.ThreadPoolExecutor.runWorker(ThreadPoolExecutor.java:1149)
	at java.util.concurrent.ThreadPoolExecutor$Worker.run(ThreadPoolExecutor.java:624)
	at java.lang.Thread.run(Thread.java:748)
Caused by: java.io.IOException: Cannot run program "C:\Users\vjajee\AppData\Local\Temp\test-Echoo2738827179910398233\test-Echo2911294525614995893.sh": CreateProcess error=193, %1 is not a valid Win32 application
	at java.lang.ProcessBuilder.start(ProcessBuilder.java:1048)
	at org.apache.beam.examples.subprocess.kernel.SubProcessKernel.execBinary(SubProcessKernel.java:153)
	... 15 more
Caused by: java.io.IOException: CreateProcess error=193, %1 is not a valid Win32 application
	at java.lang.ProcessImpl.create(Native Method)
	at java.lang.ProcessImpl.<init>(ProcessImpl.java:386)
	at java.lang.ProcessImpl.start(ProcessImpl.java:137)
	at java.lang.ProcessBuilder.start(ProcessBuilder.java:1029)
	... 16 more

May 12, 2021 9:59:40 AM org.apache.beam.examples.subprocess.kernel.SubProcessKernel execBinary
SEVERE: Error running process with parameters C:\Users\vjajee\AppData\Local\Temp\test-Echoo2738827179910398233\test-Echo2911294525614995893.sh,C:\Users\vjajee\AppData\Local\Temp\test-Echoo2738827179910398233\ccd1d56e-9bca-46eb-ad1b-220be42bcddf.res,72 error was Cannot run program "C:\Users\vjajee\AppData\Local\Temp\test-Echoo2738827179910398233\test-Echo2911294525614995893.sh": CreateProcess error=193, %1 is not a valid Win32 application 
May 12, 2021 9:59:40 AM org.apache.beam.examples.subprocess.kernel.SubProcessKernel exec
SEVERE: Error running executable 
java.lang.Exception: java.io.IOException: Cannot run program "C:\Users\vjajee\AppData\Local\Temp\test-Echoo2738827179910398233\test-Echo2911294525614995893.sh": CreateProcess error=193, %1 is not a valid Win32 application
	at org.apache.beam.examples.subprocess.kernel.SubProcessKernel.execBinary(SubProcessKernel.java:173)
	at org.apache.beam.examples.subprocess.kernel.SubProcessKernel.exec(SubProcessKernel.java:71)
	at org.apache.beam.examples.subprocess.ExampleEchoPipelineTest$EchoInputDoFn.processElement(ExampleEchoPipelineTest.java:160)
	at org.apache.beam.examples.subprocess.ExampleEchoPipelineTest$EchoInputDoFn$DoFnInvoker.invokeProcessElement(Unknown Source)
	at org.apache.beam.repackaged.direct_java.runners.core.SimpleDoFnRunner.invokeProcessElement(SimpleDoFnRunner.java:232)
	at org.apache.beam.repackaged.direct_java.runners.core.SimpleDoFnRunner.processElement(SimpleDoFnRunner.java:191)
	at org.apache.beam.repackaged.direct_java.runners.core.SimplePushbackSideInputDoFnRunner.processElementInReadyWindows(SimplePushbackSideInputDoFnRunner.java:79)
	at org.apache.beam.runners.direct.ParDoEvaluator.processElement(ParDoEvaluator.java:244)
	at org.apache.beam.runners.direct.DoFnLifecycleManagerRemovingTransformEvaluator.processElement(DoFnLifecycleManagerRemovingTransformEvaluator.java:54)
	at org.apache.beam.runners.direct.DirectTransformExecutor.processElements(DirectTransformExecutor.java:165)
	at org.apache.beam.runners.direct.DirectTransformExecutor.run(DirectTransformExecutor.java:129)
	at java.util.concurrent.Executors$RunnableAdapter.call(Executors.java:511)
	at java.util.concurrent.FutureTask.run(FutureTask.java:266)
	at java.util.concurrent.ThreadPoolExecutor.runWorker(ThreadPoolExecutor.java:1149)
	at java.util.concurrent.ThreadPoolExecutor$Worker.run(ThreadPoolExecutor.java:624)
	at java.lang.Thread.run(Thread.java:748)
Caused by: java.io.IOException: Cannot run program "C:\Users\vjajee\AppData\Local\Temp\test-Echoo2738827179910398233\test-Echo2911294525614995893.sh": CreateProcess error=193, %1 is not a valid Win32 application
	at java.lang.ProcessBuilder.start(ProcessBuilder.java:1048)
	at org.apache.beam.examples.subprocess.kernel.SubProcessKernel.execBinary(SubProcessKernel.java:153)
	... 15 more
Caused by: java.io.IOException: CreateProcess error=193, %1 is not a valid Win32 application
	at java.lang.ProcessImpl.create(Native Method)
	at java.lang.ProcessImpl.<init>(ProcessImpl.java:386)
	at java.lang.ProcessImpl.start(ProcessImpl.java:137)
	at java.lang.ProcessBuilder.start(ProcessBuilder.java:1029)
	... 16 more

May 12, 2021 9:59:40 AM org.apache.beam.examples.subprocess.ExampleEchoPipelineTest$EchoInputDoFn processElement
SEVERE: Error processing element 
java.lang.Exception: java.io.IOException: Cannot run program "C:\Users\vjajee\AppData\Local\Temp\test-Echoo2738827179910398233\test-Echo2911294525614995893.sh": CreateProcess error=193, %1 is not a valid Win32 application
	at org.apache.beam.examples.subprocess.kernel.SubProcessKernel.execBinary(SubProcessKernel.java:173)
	at org.apache.beam.examples.subprocess.kernel.SubProcessKernel.exec(SubProcessKernel.java:71)
	at org.apache.beam.examples.subprocess.ExampleEchoPipelineTest$EchoInputDoFn.processElement(ExampleEchoPipelineTest.java:160)
	at org.apache.beam.examples.subprocess.ExampleEchoPipelineTest$EchoInputDoFn$DoFnInvoker.invokeProcessElement(Unknown Source)
	at org.apache.beam.repackaged.direct_java.runners.core.SimpleDoFnRunner.invokeProcessElement(SimpleDoFnRunner.java:232)
	at org.apache.beam.repackaged.direct_java.runners.core.SimpleDoFnRunner.processElement(SimpleDoFnRunner.java:191)
	at org.apache.beam.repackaged.direct_java.runners.core.SimplePushbackSideInputDoFnRunner.processElementInReadyWindows(SimplePushbackSideInputDoFnRunner.java:79)
	at org.apache.beam.runners.direct.ParDoEvaluator.processElement(ParDoEvaluator.java:244)
	at org.apache.beam.runners.direct.DoFnLifecycleManagerRemovingTransformEvaluator.processElement(DoFnLifecycleManagerRemovingTransformEvaluator.java:54)
	at org.apache.beam.runners.direct.DirectTransformExecutor.processElements(DirectTransformExecutor.java:165)
	at org.apache.beam.runners.direct.DirectTransformExecutor.run(DirectTransformExecutor.java:129)
	at java.util.concurrent.Executors$RunnableAdapter.call(Executors.java:511)
	at java.util.concurrent.FutureTask.run(FutureTask.java:266)
	at java.util.concurrent.ThreadPoolExecutor.runWorker(ThreadPoolExecutor.java:1149)
	at java.util.concurrent.ThreadPoolExecutor$Worker.run(ThreadPoolExecutor.java:624)
	at java.lang.Thread.run(Thread.java:748)
Caused by: java.io.IOException: Cannot run program "C:\Users\vjajee\AppData\Local\Temp\test-Echoo2738827179910398233\test-Echo2911294525614995893.sh": CreateProcess error=193, %1 is not a valid Win32 application
	at java.lang.ProcessBuilder.start(ProcessBuilder.java:1048)
	at org.apache.beam.examples.subprocess.kernel.SubProcessKernel.execBinary(SubProcessKernel.java:153)
	... 15 more
Caused by: java.io.IOException: CreateProcess error=193, %1 is not a valid Win32 application
	at java.lang.ProcessImpl.create(Native Method)
	at java.lang.ProcessImpl.<init>(ProcessImpl.java:386)
	at java.lang.ProcessImpl.start(ProcessImpl.java:137)
	at java.lang.ProcessBuilder.start(ProcessBuilder.java:1029)
	... 16 more

May 12, 2021 9:59:40 AM org.apache.beam.examples.subprocess.kernel.SubProcessKernel execBinary
SEVERE: Error running process with parameters C:\Users\vjajee\AppData\Local\Temp\test-Echoo2738827179910398233\test-Echo2911294525614995893.sh,C:\Users\vjajee\AppData\Local\Temp\test-Echoo2738827179910398233\78c37329-581e-4189-b605-7ef005c6c99b.res,48 error was Cannot run program "C:\Users\vjajee\AppData\Local\Temp\test-Echoo2738827179910398233\test-Echo2911294525614995893.sh": CreateProcess error=193, %1 is not a valid Win32 application 
May 12, 2021 9:59:40 AM org.apache.beam.examples.subprocess.kernel.SubProcessKernel exec
SEVERE: Error running executable 
java.lang.Exception: java.io.IOException: Cannot run program "C:\Users\vjajee\AppData\Local\Temp\test-Echoo2738827179910398233\test-Echo2911294525614995893.sh": CreateProcess error=193, %1 is not a valid Win32 application
	at org.apache.beam.examples.subprocess.kernel.SubProcessKernel.execBinary(SubProcessKernel.java:173)
	at org.apache.beam.examples.subprocess.kernel.SubProcessKernel.exec(SubProcessKernel.java:71)
	at org.apache.beam.examples.subprocess.ExampleEchoPipelineTest$EchoInputDoFn.processElement(ExampleEchoPipelineTest.java:160)
	at org.apache.beam.examples.subprocess.ExampleEchoPipelineTest$EchoInputDoFn$DoFnInvoker.invokeProcessElement(Unknown Source)
	at org.apache.beam.repackaged.direct_java.runners.core.SimpleDoFnRunner.invokeProcessElement(SimpleDoFnRunner.java:232)
	at org.apache.beam.repackaged.direct_java.runners.core.SimpleDoFnRunner.processElement(SimpleDoFnRunner.java:191)
	at org.apache.beam.repackaged.direct_java.runners.core.SimplePushbackSideInputDoFnRunner.processElementInReadyWindows(SimplePushbackSideInputDoFnRunner.java:79)
	at org.apache.beam.runners.direct.ParDoEvaluator.processElement(ParDoEvaluator.java:244)
	at org.apache.beam.runners.direct.DoFnLifecycleManagerRemovingTransformEvaluator.processElement(DoFnLifecycleManagerRemovingTransformEvaluator.java:54)
	at org.apache.beam.runners.direct.DirectTransformExecutor.processElements(DirectTransformExecutor.java:165)
	at org.apache.beam.runners.direct.DirectTransformExecutor.run(DirectTransformExecutor.java:129)
	at java.util.concurrent.Executors$RunnableAdapter.call(Executors.java:511)
	at java.util.concurrent.FutureTask.run(FutureTask.java:266)
	at java.util.concurrent.ThreadPoolExecutor.runWorker(ThreadPoolExecutor.java:1149)
	at java.util.concurrent.ThreadPoolExecutor$Worker.run(ThreadPoolExecutor.java:624)
	at java.lang.Thread.run(Thread.java:748)
Caused by: java.io.IOException: Cannot run program "C:\Users\vjajee\AppData\Local\Temp\test-Echoo2738827179910398233\test-Echo2911294525614995893.sh": CreateProcess error=193, %1 is not a valid Win32 application
	at java.lang.ProcessBuilder.start(ProcessBuilder.java:1048)
	at org.apache.beam.examples.subprocess.kernel.SubProcessKernel.execBinary(SubProcessKernel.java:153)
	... 15 more
Caused by: java.io.IOException: CreateProcess error=193, %1 is not a valid Win32 application
	at java.lang.ProcessImpl.create(Native Method)
	at java.lang.ProcessImpl.<init>(ProcessImpl.java:386)
	at java.lang.ProcessImpl.start(ProcessImpl.java:137)
	at java.lang.ProcessBuilder.start(ProcessBuilder.java:1029)
	... 16 more

May 12, 2021 9:59:40 AM org.apache.beam.examples.subprocess.ExampleEchoPipelineTest$EchoInputDoFn processElement
SEVERE: Error processing element 
java.lang.Exception: java.io.IOException: Cannot run program "C:\Users\vjajee\AppData\Local\Temp\test-Echoo2738827179910398233\test-Echo2911294525614995893.sh": CreateProcess error=193, %1 is not a valid Win32 application
	at org.apache.beam.examples.subprocess.kernel.SubProcessKernel.execBinary(SubProcessKernel.java:173)
	at org.apache.beam.examples.subprocess.kernel.SubProcessKernel.exec(SubProcessKernel.java:71)
	at org.apache.beam.examples.subprocess.ExampleEchoPipelineTest$EchoInputDoFn.processElement(ExampleEchoPipelineTest.java:160)
	at org.apache.beam.examples.subprocess.ExampleEchoPipelineTest$EchoInputDoFn$DoFnInvoker.invokeProcessElement(Unknown Source)
	at org.apache.beam.repackaged.direct_java.runners.core.SimpleDoFnRunner.invokeProcessElement(SimpleDoFnRunner.java:232)
	at org.apache.beam.repackaged.direct_java.runners.core.SimpleDoFnRunner.processElement(SimpleDoFnRunner.java:191)
	at org.apache.beam.repackaged.direct_java.runners.core.SimplePushbackSideInputDoFnRunner.processElementInReadyWindows(SimplePushbackSideInputDoFnRunner.java:79)
	at org.apache.beam.runners.direct.ParDoEvaluator.processElement(ParDoEvaluator.java:244)
	at org.apache.beam.runners.direct.DoFnLifecycleManagerRemovingTransformEvaluator.processElement(DoFnLifecycleManagerRemovingTransformEvaluator.java:54)
	at org.apache.beam.runners.direct.DirectTransformExecutor.processElements(DirectTransformExecutor.java:165)
	at org.apache.beam.runners.direct.DirectTransformExecutor.run(DirectTransformExecutor.java:129)
	at java.util.concurrent.Executors$RunnableAdapter.call(Executors.java:511)
	at java.util.concurrent.FutureTask.run(FutureTask.java:266)
	at java.util.concurrent.ThreadPoolExecutor.runWorker(ThreadPoolExecutor.java:1149)
	at java.util.concurrent.ThreadPoolExecutor$Worker.run(ThreadPoolExecutor.java:624)
	at java.lang.Thread.run(Thread.java:748)
Caused by: java.io.IOException: Cannot run program "C:\Users\vjajee\AppData\Local\Temp\test-Echoo2738827179910398233\test-Echo2911294525614995893.sh": CreateProcess error=193, %1 is not a valid Win32 application
	at java.lang.ProcessBuilder.start(ProcessBuilder.java:1048)
	at org.apache.beam.examples.subprocess.kernel.SubProcessKernel.execBinary(SubProcessKernel.java:153)
	... 15 more
Caused by: java.io.IOException: CreateProcess error=193, %1 is not a valid Win32 application
	at java.lang.ProcessImpl.create(Native Method)
	at java.lang.ProcessImpl.<init>(ProcessImpl.java:386)
	at java.lang.ProcessImpl.start(ProcessImpl.java:137)
	at java.lang.ProcessBuilder.start(ProcessBuilder.java:1029)
	... 16 more

May 12, 2021 9:59:40 AM org.apache.beam.examples.subprocess.kernel.SubProcessKernel execBinary
SEVERE: Error running process with parameters C:\Users\vjajee\AppData\Local\Temp\test-Echoo2738827179910398233\test-Echo2911294525614995893.sh,C:\Users\vjajee\AppData\Local\Temp\test-Echoo2738827179910398233\9e388c16-c82d-4d83-a3b5-e958c2a18896.res,30 error was Cannot run program "C:\Users\vjajee\AppData\Local\Temp\test-Echoo2738827179910398233\test-Echo2911294525614995893.sh": CreateProcess error=193, %1 is not a valid Win32 application 
May 12, 2021 9:59:40 AM org.apache.beam.examples.subprocess.kernel.SubProcessKernel exec
SEVERE: Error running executable 
java.lang.Exception: java.io.IOException: Cannot run program "C:\Users\vjajee\AppData\Local\Temp\test-Echoo2738827179910398233\test-Echo2911294525614995893.sh": CreateProcess error=193, %1 is not a valid Win32 application
	at org.apache.beam.examples.subprocess.kernel.SubProcessKernel.execBinary(SubProcessKernel.java:173)
	at org.apache.beam.examples.subprocess.kernel.SubProcessKernel.exec(SubProcessKernel.java:71)
	at org.apache.beam.examples.subprocess.ExampleEchoPipelineTest$EchoInputDoFn.processElement(ExampleEchoPipelineTest.java:160)
	at org.apache.beam.examples.subprocess.ExampleEchoPipelineTest$EchoInputDoFn$DoFnInvoker.invokeProcessElement(Unknown Source)
	at org.apache.beam.repackaged.direct_java.runners.core.SimpleDoFnRunner.invokeProcessElement(SimpleDoFnRunner.java:232)
	at org.apache.beam.repackaged.direct_java.runners.core.SimpleDoFnRunner.processElement(SimpleDoFnRunner.java:191)
	at org.apache.beam.repackaged.direct_java.runners.core.SimplePushbackSideInputDoFnRunner.processElementInReadyWindows(SimplePushbackSideInputDoFnRunner.java:79)
	at org.apache.beam.runners.direct.ParDoEvaluator.processElement(ParDoEvaluator.java:244)
	at org.apache.beam.runners.direct.DoFnLifecycleManagerRemovingTransformEvaluator.processElement(DoFnLifecycleManagerRemovingTransformEvaluator.java:54)
	at org.apache.beam.runners.direct.DirectTransformExecutor.processElements(DirectTransformExecutor.java:165)
	at org.apache.beam.runners.direct.DirectTransformExecutor.run(DirectTransformExecutor.java:129)
	at java.util.concurrent.Executors$RunnableAdapter.call(Executors.java:511)
	at java.util.concurrent.FutureTask.run(FutureTask.java:266)
	at java.util.concurrent.ThreadPoolExecutor.runWorker(ThreadPoolExecutor.java:1149)
	at java.util.concurrent.ThreadPoolExecutor$Worker.run(ThreadPoolExecutor.java:624)
	at java.lang.Thread.run(Thread.java:748)
Caused by: java.io.IOException: Cannot run program "C:\Users\vjajee\AppData\Local\Temp\test-Echoo2738827179910398233\test-Echo2911294525614995893.sh": CreateProcess error=193, %1 is not a valid Win32 application
	at java.lang.ProcessBuilder.start(ProcessBuilder.java:1048)
	at org.apache.beam.examples.subprocess.kernel.SubProcessKernel.execBinary(SubProcessKernel.java:153)
	... 15 more
Caused by: java.io.IOException: CreateProcess error=193, %1 is not a valid Win32 application
	at java.lang.ProcessImpl.create(Native Method)
	at java.lang.ProcessImpl.<init>(ProcessImpl.java:386)
	at java.lang.ProcessImpl.start(ProcessImpl.java:137)
	at java.lang.ProcessBuilder.start(ProcessBuilder.java:1029)
	... 16 more

May 12, 2021 9:59:40 AM org.apache.beam.examples.subprocess.ExampleEchoPipelineTest$EchoInputDoFn processElement
SEVERE: Error processing element 
java.lang.Exception: java.io.IOException: Cannot run program "C:\Users\vjajee\AppData\Local\Temp\test-Echoo2738827179910398233\test-Echo2911294525614995893.sh": CreateProcess error=193, %1 is not a valid Win32 application
	at org.apache.beam.examples.subprocess.kernel.SubProcessKernel.execBinary(SubProcessKernel.java:173)
	at org.apache.beam.examples.subprocess.kernel.SubProcessKernel.exec(SubProcessKernel.java:71)
	at org.apache.beam.examples.subprocess.ExampleEchoPipelineTest$EchoInputDoFn.processElement(ExampleEchoPipelineTest.java:160)
	at org.apache.beam.examples.subprocess.ExampleEchoPipelineTest$EchoInputDoFn$DoFnInvoker.invokeProcessElement(Unknown Source)
	at org.apache.beam.repackaged.direct_java.runners.core.SimpleDoFnRunner.invokeProcessElement(SimpleDoFnRunner.java:232)
	at org.apache.beam.repackaged.direct_java.runners.core.SimpleDoFnRunner.processElement(SimpleDoFnRunner.java:191)
	at org.apache.beam.repackaged.direct_java.runners.core.SimplePushbackSideInputDoFnRunner.processElementInReadyWindows(SimplePushbackSideInputDoFnRunner.java:79)
	at org.apache.beam.runners.direct.ParDoEvaluator.processElement(ParDoEvaluator.java:244)
	at org.apache.beam.runners.direct.DoFnLifecycleManagerRemovingTransformEvaluator.processElement(DoFnLifecycleManagerRemovingTransformEvaluator.java:54)
	at org.apache.beam.runners.direct.DirectTransformExecutor.processElements(DirectTransformExecutor.java:165)
	at org.apache.beam.runners.direct.DirectTransformExecutor.run(DirectTransformExecutor.java:129)
	at java.util.concurrent.Executors$RunnableAdapter.call(Executors.java:511)
	at java.util.concurrent.FutureTask.run(FutureTask.java:266)
	at java.util.concurrent.ThreadPoolExecutor.runWorker(ThreadPoolExecutor.java:1149)
	at java.util.concurrent.ThreadPoolExecutor$Worker.run(ThreadPoolExecutor.java:624)
	at java.lang.Thread.run(Thread.java:748)
Caused by: java.io.IOException: Cannot run program "C:\Users\vjajee\AppData\Local\Temp\test-Echoo2738827179910398233\test-Echo2911294525614995893.sh": CreateProcess error=193, %1 is not a valid Win32 application
	at java.lang.ProcessBuilder.start(ProcessBuilder.java:1048)
	at org.apache.beam.examples.subprocess.kernel.SubProcessKernel.execBinary(SubProcessKernel.java:153)
	... 15 more
Caused by: java.io.IOException: CreateProcess error=193, %1 is not a valid Win32 application
	at java.lang.ProcessImpl.create(Native Method)
	at java.lang.ProcessImpl.<init>(ProcessImpl.java:386)
	at java.lang.ProcessImpl.start(ProcessImpl.java:137)
	at java.lang.ProcessBuilder.start(ProcessBuilder.java:1029)
	... 16 more

May 12, 2021 9:59:40 AM org.apache.beam.examples.subprocess.kernel.SubProcessKernel execBinary
SEVERE: Error running process with parameters C:\Users\vjajee\AppData\Local\Temp\test-Echoo2738827179910398233\test-Echo2911294525614995893.sh,C:\Users\vjajee\AppData\Local\Temp\test-Echoo2738827179910398233\2da8b293-03ba-4805-a1f3-bc84c64df5d4.res,90 error was Cannot run program "C:\Users\vjajee\AppData\Local\Temp\test-Echoo2738827179910398233\test-Echo2911294525614995893.sh": CreateProcess error=193, %1 is not a valid Win32 application 
May 12, 2021 9:59:40 AM org.apache.beam.examples.subprocess.kernel.SubProcessKernel exec
SEVERE: Error running executable 
java.lang.Exception: java.io.IOException: Cannot run program "C:\Users\vjajee\AppData\Local\Temp\test-Echoo2738827179910398233\test-Echo2911294525614995893.sh": CreateProcess error=193, %1 is not a valid Win32 application
	at org.apache.beam.examples.subprocess.kernel.SubProcessKernel.execBinary(SubProcessKernel.java:173)
	at org.apache.beam.examples.subprocess.kernel.SubProcessKernel.exec(SubProcessKernel.java:71)
	at org.apache.beam.examples.subprocess.ExampleEchoPipelineTest$EchoInputDoFn.processElement(ExampleEchoPipelineTest.java:160)
	at org.apache.beam.examples.subprocess.ExampleEchoPipelineTest$EchoInputDoFn$DoFnInvoker.invokeProcessElement(Unknown Source)
	at org.apache.beam.repackaged.direct_java.runners.core.SimpleDoFnRunner.invokeProcessElement(SimpleDoFnRunner.java:232)
	at org.apache.beam.repackaged.direct_java.runners.core.SimpleDoFnRunner.processElement(SimpleDoFnRunner.java:191)
	at org.apache.beam.repackaged.direct_java.runners.core.SimplePushbackSideInputDoFnRunner.processElementInReadyWindows(SimplePushbackSideInputDoFnRunner.java:79)
	at org.apache.beam.runners.direct.ParDoEvaluator.processElement(ParDoEvaluator.java:244)
	at org.apache.beam.runners.direct.DoFnLifecycleManagerRemovingTransformEvaluator.processElement(DoFnLifecycleManagerRemovingTransformEvaluator.java:54)
	at org.apache.beam.runners.direct.DirectTransformExecutor.processElements(DirectTransformExecutor.java:165)
	at org.apache.beam.runners.direct.DirectTransformExecutor.run(DirectTransformExecutor.java:129)
	at java.util.concurrent.Executors$RunnableAdapter.call(Executors.java:511)
	at java.util.concurrent.FutureTask.run(FutureTask.java:266)
	at java.util.concurrent.ThreadPoolExecutor.runWorker(ThreadPoolExecutor.java:1149)
	at java.util.concurrent.ThreadPoolExecutor$Worker.run(ThreadPoolExecutor.java:624)
	at java.lang.Thread.run(Thread.java:748)
Caused by: java.io.IOException: Cannot run program "C:\Users\vjajee\AppData\Local\Temp\test-Echoo2738827179910398233\test-Echo2911294525614995893.sh": CreateProcess error=193, %1 is not a valid Win32 application
	at java.lang.ProcessBuilder.start(ProcessBuilder.java:1048)
	at org.apache.beam.examples.subprocess.kernel.SubProcessKernel.execBinary(SubProcessKernel.java:153)
	... 15 more
Caused by: java.io.IOException: CreateProcess error=193, %1 is not a valid Win32 application
	at java.lang.ProcessImpl.create(Native Method)
	at java.lang.ProcessImpl.<init>(ProcessImpl.java:386)
	at java.lang.ProcessImpl.start(ProcessImpl.java:137)
	at java.lang.ProcessBuilder.start(ProcessBuilder.java:1029)
	... 16 more

May 12, 2021 9:59:40 AM org.apache.beam.examples.subprocess.ExampleEchoPipelineTest$EchoInputDoFn processElement
SEVERE: Error processing element 
java.lang.Exception: java.io.IOException: Cannot run program "C:\Users\vjajee\AppData\Local\Temp\test-Echoo2738827179910398233\test-Echo2911294525614995893.sh": CreateProcess error=193, %1 is not a valid Win32 application
	at org.apache.beam.examples.subprocess.kernel.SubProcessKernel.execBinary(SubProcessKernel.java:173)
	at org.apache.beam.examples.subprocess.kernel.SubProcessKernel.exec(SubProcessKernel.java:71)
	at org.apache.beam.examples.subprocess.ExampleEchoPipelineTest$EchoInputDoFn.processElement(ExampleEchoPipelineTest.java:160)
	at org.apache.beam.examples.subprocess.ExampleEchoPipelineTest$EchoInputDoFn$DoFnInvoker.invokeProcessElement(Unknown Source)
	at org.apache.beam.repackaged.direct_java.runners.core.SimpleDoFnRunner.invokeProcessElement(SimpleDoFnRunner.java:232)
	at org.apache.beam.repackaged.direct_java.runners.core.SimpleDoFnRunner.processElement(SimpleDoFnRunner.java:191)
	at org.apache.beam.repackaged.direct_java.runners.core.SimplePushbackSideInputDoFnRunner.processElementInReadyWindows(SimplePushbackSideInputDoFnRunner.java:79)
	at org.apache.beam.runners.direct.ParDoEvaluator.processElement(ParDoEvaluator.java:244)
	at org.apache.beam.runners.direct.DoFnLifecycleManagerRemovingTransformEvaluator.processElement(DoFnLifecycleManagerRemovingTransformEvaluator.java:54)
	at org.apache.beam.runners.direct.DirectTransformExecutor.processElements(DirectTransformExecutor.java:165)
	at org.apache.beam.runners.direct.DirectTransformExecutor.run(DirectTransformExecutor.java:129)
	at java.util.concurrent.Executors$RunnableAdapter.call(Executors.java:511)
	at java.util.concurrent.FutureTask.run(FutureTask.java:266)
	at java.util.concurrent.ThreadPoolExecutor.runWorker(ThreadPoolExecutor.java:1149)
	at java.util.concurrent.ThreadPoolExecutor$Worker.run(ThreadPoolExecutor.java:624)
	at java.lang.Thread.run(Thread.java:748)
Caused by: java.io.IOException: Cannot run program "C:\Users\vjajee\AppData\Local\Temp\test-Echoo2738827179910398233\test-Echo2911294525614995893.sh": CreateProcess error=193, %1 is not a valid Win32 application
	at java.lang.ProcessBuilder.start(ProcessBuilder.java:1048)
	at org.apache.beam.examples.subprocess.kernel.SubProcessKernel.execBinary(SubProcessKernel.java:153)
	... 15 more
Caused by: java.io.IOException: CreateProcess error=193, %1 is not a valid Win32 application
	at java.lang.ProcessImpl.create(Native Method)
	at java.lang.ProcessImpl.<init>(ProcessImpl.java:386)
	at java.lang.ProcessImpl.start(ProcessImpl.java:137)
	at java.lang.ProcessBuilder.start(ProcessBuilder.java:1029)
	... 16 more

May 12, 2021 9:59:41 AM org.apache.beam.examples.subprocess.kernel.SubProcessKernel execBinary
SEVERE: Error running process with parameters C:\Users\vjajee\AppData\Local\Temp\test-Echoo2738827179910398233\test-Echo2911294525614995893.sh,C:\Users\vjajee\AppData\Local\Temp\test-Echoo2738827179910398233\aff1f865-c079-41b1-bd17-a10870dc0025.res,24 error was Cannot run program "C:\Users\vjajee\AppData\Local\Temp\test-Echoo2738827179910398233\test-Echo2911294525614995893.sh": CreateProcess error=193, %1 is not a valid Win32 application 
May 12, 2021 9:59:41 AM org.apache.beam.examples.subprocess.kernel.SubProcessKernel exec
SEVERE: Error running executable 
java.lang.Exception: java.io.IOException: Cannot run program "C:\Users\vjajee\AppData\Local\Temp\test-Echoo2738827179910398233\test-Echo2911294525614995893.sh": CreateProcess error=193, %1 is not a valid Win32 application
	at org.apache.beam.examples.subprocess.kernel.SubProcessKernel.execBinary(SubProcessKernel.java:173)
	at org.apache.beam.examples.subprocess.kernel.SubProcessKernel.exec(SubProcessKernel.java:71)
	at org.apache.beam.examples.subprocess.ExampleEchoPipelineTest$EchoInputDoFn.processElement(ExampleEchoPipelineTest.java:160)
	at org.apache.beam.examples.subprocess.ExampleEchoPipelineTest$EchoInputDoFn$DoFnInvoker.invokeProcessElement(Unknown Source)
	at org.apache.beam.repackaged.direct_java.runners.core.SimpleDoFnRunner.invokeProcessElement(SimpleDoFnRunner.java:232)
	at org.apache.beam.repackaged.direct_java.runners.core.SimpleDoFnRunner.processElement(SimpleDoFnRunner.java:191)
	at org.apache.beam.repackaged.direct_java.runners.core.SimplePushbackSideInputDoFnRunner.processElementInReadyWindows(SimplePushbackSideInputDoFnRunner.java:79)
	at org.apache.beam.runners.direct.ParDoEvaluator.processElement(ParDoEvaluator.java:244)
	at org.apache.beam.runners.direct.DoFnLifecycleManagerRemovingTransformEvaluator.processElement(DoFnLifecycleManagerRemovingTransformEvaluator.java:54)
	at org.apache.beam.runners.direct.DirectTransformExecutor.processElements(DirectTransformExecutor.java:165)
	at org.apache.beam.runners.direct.DirectTransformExecutor.run(DirectTransformExecutor.java:129)
	at java.util.concurrent.Executors$RunnableAdapter.call(Executors.java:511)
	at java.util.concurrent.FutureTask.run(FutureTask.java:266)
	at java.util.concurrent.ThreadPoolExecutor.runWorker(ThreadPoolExecutor.java:1149)
	at java.util.concurrent.ThreadPoolExecutor$Worker.run(ThreadPoolExecutor.java:624)
	at java.lang.Thread.run(Thread.java:748)
Caused by: java.io.IOException: Cannot run program "C:\Users\vjajee\AppData\Local\Temp\test-Echoo2738827179910398233\test-Echo2911294525614995893.sh": CreateProcess error=193, %1 is not a valid Win32 application
	at java.lang.ProcessBuilder.start(ProcessBuilder.java:1048)
	at org.apache.beam.examples.subprocess.kernel.SubProcessKernel.execBinary(SubProcessKernel.java:153)
	... 15 more
Caused by: java.io.IOException: CreateProcess error=193, %1 is not a valid Win32 application
	at java.lang.ProcessImpl.create(Native Method)
	at java.lang.ProcessImpl.<init>(ProcessImpl.java:386)
	at java.lang.ProcessImpl.start(ProcessImpl.java:137)
	at java.lang.ProcessBuilder.start(ProcessBuilder.java:1029)
	... 16 more

May 12, 2021 9:59:41 AM org.apache.beam.examples.subprocess.ExampleEchoPipelineTest$EchoInputDoFn processElement
SEVERE: Error processing element 
java.lang.Exception: java.io.IOException: Cannot run program "C:\Users\vjajee\AppData\Local\Temp\test-Echoo2738827179910398233\test-Echo2911294525614995893.sh": CreateProcess error=193, %1 is not a valid Win32 application
	at org.apache.beam.examples.subprocess.kernel.SubProcessKernel.execBinary(SubProcessKernel.java:173)
	at org.apache.beam.examples.subprocess.kernel.SubProcessKernel.exec(SubProcessKernel.java:71)
	at org.apache.beam.examples.subprocess.ExampleEchoPipelineTest$EchoInputDoFn.processElement(ExampleEchoPipelineTest.java:160)
	at org.apache.beam.examples.subprocess.ExampleEchoPipelineTest$EchoInputDoFn$DoFnInvoker.invokeProcessElement(Unknown Source)
	at org.apache.beam.repackaged.direct_java.runners.core.SimpleDoFnRunner.invokeProcessElement(SimpleDoFnRunner.java:232)
	at org.apache.beam.repackaged.direct_java.runners.core.SimpleDoFnRunner.processElement(SimpleDoFnRunner.java:191)
	at org.apache.beam.repackaged.direct_java.runners.core.SimplePushbackSideInputDoFnRunner.processElementInReadyWindows(SimplePushbackSideInputDoFnRunner.java:79)
	at org.apache.beam.runners.direct.ParDoEvaluator.processElement(ParDoEvaluator.java:244)
	at org.apache.beam.runners.direct.DoFnLifecycleManagerRemovingTransformEvaluator.processElement(DoFnLifecycleManagerRemovingTransformEvaluator.java:54)
	at org.apache.beam.runners.direct.DirectTransformExecutor.processElements(DirectTransformExecutor.java:165)
	at org.apache.beam.runners.direct.DirectTransformExecutor.run(DirectTransformExecutor.java:129)
	at java.util.concurrent.Executors$RunnableAdapter.call(Executors.java:511)
	at java.util.concurrent.FutureTask.run(FutureTask.java:266)
	at java.util.concurrent.ThreadPoolExecutor.runWorker(ThreadPoolExecutor.java:1149)
	at java.util.concurrent.ThreadPoolExecutor$Worker.run(ThreadPoolExecutor.java:624)
	at java.lang.Thread.run(Thread.java:748)
Caused by: java.io.IOException: Cannot run program "C:\Users\vjajee\AppData\Local\Temp\test-Echoo2738827179910398233\test-Echo2911294525614995893.sh": CreateProcess error=193, %1 is not a valid Win32 application
	at java.lang.ProcessBuilder.start(ProcessBuilder.java:1048)
	at org.apache.beam.examples.subprocess.kernel.SubProcessKernel.execBinary(SubProcessKernel.java:153)
	... 15 more
Caused by: java.io.IOException: CreateProcess error=193, %1 is not a valid Win32 application
	at java.lang.ProcessImpl.create(Native Method)
	at java.lang.ProcessImpl.<init>(ProcessImpl.java:386)
	at java.lang.ProcessImpl.start(ProcessImpl.java:137)
	at java.lang.ProcessBuilder.start(ProcessBuilder.java:1029)
	... 16 more

May 12, 2021 9:59:41 AM org.apache.beam.examples.subprocess.kernel.SubProcessKernel execBinary
SEVERE: Error running process with parameters C:\Users\vjajee\AppData\Local\Temp\test-Echoo2738827179910398233\test-Echo2911294525614995893.sh,C:\Users\vjajee\AppData\Local\Temp\test-Echoo2738827179910398233\775d0c23-04af-4be6-95ca-a489903c9177.res,60 error was Cannot run program "C:\Users\vjajee\AppData\Local\Temp\test-Echoo2738827179910398233\test-Echo2911294525614995893.sh": CreateProcess error=193, %1 is not a valid Win32 application 
May 12, 2021 9:59:41 AM org.apache.beam.examples.subprocess.kernel.SubProcessKernel exec
SEVERE: Error running executable 
java.lang.Exception: java.io.IOException: Cannot run program "C:\Users\vjajee\AppData\Local\Temp\test-Echoo2738827179910398233\test-Echo2911294525614995893.sh": CreateProcess error=193, %1 is not a valid Win32 application
	at org.apache.beam.examples.subprocess.kernel.SubProcessKernel.execBinary(SubProcessKernel.java:173)
	at org.apache.beam.examples.subprocess.kernel.SubProcessKernel.exec(SubProcessKernel.java:71)
	at org.apache.beam.examples.subprocess.ExampleEchoPipelineTest$EchoInputDoFn.processElement(ExampleEchoPipelineTest.java:160)
	at org.apache.beam.examples.subprocess.ExampleEchoPipelineTest$EchoInputDoFn$DoFnInvoker.invokeProcessElement(Unknown Source)
	at org.apache.beam.repackaged.direct_java.runners.core.SimpleDoFnRunner.invokeProcessElement(SimpleDoFnRunner.java:232)
	at org.apache.beam.repackaged.direct_java.runners.core.SimpleDoFnRunner.processElement(SimpleDoFnRunner.java:191)
	at org.apache.beam.repackaged.direct_java.runners.core.SimplePushbackSideInputDoFnRunner.processElementInReadyWindows(SimplePushbackSideInputDoFnRunner.java:79)
	at org.apache.beam.runners.direct.ParDoEvaluator.processElement(ParDoEvaluator.java:244)
	at org.apache.beam.runners.direct.DoFnLifecycleManagerRemovingTransformEvaluator.processElement(DoFnLifecycleManagerRemovingTransformEvaluator.java:54)
	at org.apache.beam.runners.direct.DirectTransformExecutor.processElements(DirectTransformExecutor.java:165)
	at org.apache.beam.runners.direct.DirectTransformExecutor.run(DirectTransformExecutor.java:129)
	at java.util.concurrent.Executors$RunnableAdapter.call(Executors.java:511)
	at java.util.concurrent.FutureTask.run(FutureTask.java:266)
	at java.util.concurrent.ThreadPoolExecutor.runWorker(ThreadPoolExecutor.java:1149)
	at java.util.concurrent.ThreadPoolExecutor$Worker.run(ThreadPoolExecutor.java:624)
	at java.lang.Thread.run(Thread.java:748)
Caused by: java.io.IOException: Cannot run program "C:\Users\vjajee\AppData\Local\Temp\test-Echoo2738827179910398233\test-Echo2911294525614995893.sh": CreateProcess error=193, %1 is not a valid Win32 application
	at java.lang.ProcessBuilder.start(ProcessBuilder.java:1048)
	at org.apache.beam.examples.subprocess.kernel.SubProcessKernel.execBinary(SubProcessKernel.java:153)
	... 15 more
Caused by: java.io.IOException: CreateProcess error=193, %1 is not a valid Win32 application
	at java.lang.ProcessImpl.create(Native Method)
	at java.lang.ProcessImpl.<init>(ProcessImpl.java:386)
	at java.lang.ProcessImpl.start(ProcessImpl.java:137)
	at java.lang.ProcessBuilder.start(ProcessBuilder.java:1029)
	... 16 more

May 12, 2021 9:59:41 AM org.apache.beam.examples.subprocess.ExampleEchoPipelineTest$EchoInputDoFn processElement
SEVERE: Error processing element 
java.lang.Exception: java.io.IOException: Cannot run program "C:\Users\vjajee\AppData\Local\Temp\test-Echoo2738827179910398233\test-Echo2911294525614995893.sh": CreateProcess error=193, %1 is not a valid Win32 application
	at org.apache.beam.examples.subprocess.kernel.SubProcessKernel.execBinary(SubProcessKernel.java:173)
	at org.apache.beam.examples.subprocess.kernel.SubProcessKernel.exec(SubProcessKernel.java:71)
	at org.apache.beam.examples.subprocess.ExampleEchoPipelineTest$EchoInputDoFn.processElement(ExampleEchoPipelineTest.java:160)
	at org.apache.beam.examples.subprocess.ExampleEchoPipelineTest$EchoInputDoFn$DoFnInvoker.invokeProcessElement(Unknown Source)
	at org.apache.beam.repackaged.direct_java.runners.core.SimpleDoFnRunner.invokeProcessElement(SimpleDoFnRunner.java:232)
	at org.apache.beam.repackaged.direct_java.runners.core.SimpleDoFnRunner.processElement(SimpleDoFnRunner.java:191)
	at org.apache.beam.repackaged.direct_java.runners.core.SimplePushbackSideInputDoFnRunner.processElementInReadyWindows(SimplePushbackSideInputDoFnRunner.java:79)
	at org.apache.beam.runners.direct.ParDoEvaluator.processElement(ParDoEvaluator.java:244)
	at org.apache.beam.runners.direct.DoFnLifecycleManagerRemovingTransformEvaluator.processElement(DoFnLifecycleManagerRemovingTransformEvaluator.java:54)
	at org.apache.beam.runners.direct.DirectTransformExecutor.processElements(DirectTransformExecutor.java:165)
	at org.apache.beam.runners.direct.DirectTransformExecutor.run(DirectTransformExecutor.java:129)
	at java.util.concurrent.Executors$RunnableAdapter.call(Executors.java:511)
	at java.util.concurrent.FutureTask.run(FutureTask.java:266)
	at java.util.concurrent.ThreadPoolExecutor.runWorker(ThreadPoolExecutor.java:1149)
	at java.util.concurrent.ThreadPoolExecutor$Worker.run(ThreadPoolExecutor.java:624)
	at java.lang.Thread.run(Thread.java:748)
Caused by: java.io.IOException: Cannot run program "C:\Users\vjajee\AppData\Local\Temp\test-Echoo2738827179910398233\test-Echo2911294525614995893.sh": CreateProcess error=193, %1 is not a valid Win32 application
	at java.lang.ProcessBuilder.start(ProcessBuilder.java:1048)
	at org.apache.beam.examples.subprocess.kernel.SubProcessKernel.execBinary(SubProcessKernel.java:153)
	... 15 more
Caused by: java.io.IOException: CreateProcess error=193, %1 is not a valid Win32 application
	at java.lang.ProcessImpl.create(Native Method)
	at java.lang.ProcessImpl.<init>(ProcessImpl.java:386)
	at java.lang.ProcessImpl.start(ProcessImpl.java:137)
	at java.lang.ProcessBuilder.start(ProcessBuilder.java:1029)
	... 16 more

May 12, 2021 9:59:41 AM org.apache.beam.examples.subprocess.kernel.SubProcessKernel execBinary
SEVERE: Error running process with parameters C:\Users\vjajee\AppData\Local\Temp\test-Echoo2738827179910398233\test-Echo2911294525614995893.sh,C:\Users\vjajee\AppData\Local\Temp\test-Echoo2738827179910398233\f131740d-6212-45eb-855f-cf042bfbf01f.res,0 error was Cannot run program "C:\Users\vjajee\AppData\Local\Temp\test-Echoo2738827179910398233\test-Echo2911294525614995893.sh": CreateProcess error=193, %1 is not a valid Win32 application 
May 12, 2021 9:59:41 AM org.apache.beam.examples.subprocess.kernel.SubProcessKernel exec
SEVERE: Error running executable 
java.lang.Exception: java.io.IOException: Cannot run program "C:\Users\vjajee\AppData\Local\Temp\test-Echoo2738827179910398233\test-Echo2911294525614995893.sh": CreateProcess error=193, %1 is not a valid Win32 application
	at org.apache.beam.examples.subprocess.kernel.SubProcessKernel.execBinary(SubProcessKernel.java:173)
	at org.apache.beam.examples.subprocess.kernel.SubProcessKernel.exec(SubProcessKernel.java:71)
	at org.apache.beam.examples.subprocess.ExampleEchoPipelineTest$EchoInputDoFn.processElement(ExampleEchoPipelineTest.java:160)
	at org.apache.beam.examples.subprocess.ExampleEchoPipelineTest$EchoInputDoFn$DoFnInvoker.invokeProcessElement(Unknown Source)
	at org.apache.beam.repackaged.direct_java.runners.core.SimpleDoFnRunner.invokeProcessElement(SimpleDoFnRunner.java:232)
	at org.apache.beam.repackaged.direct_java.runners.core.SimpleDoFnRunner.processElement(SimpleDoFnRunner.java:191)
	at org.apache.beam.repackaged.direct_java.runners.core.SimplePushbackSideInputDoFnRunner.processElementInReadyWindows(SimplePushbackSideInputDoFnRunner.java:79)
	at org.apache.beam.runners.direct.ParDoEvaluator.processElement(ParDoEvaluator.java:244)
	at org.apache.beam.runners.direct.DoFnLifecycleManagerRemovingTransformEvaluator.processElement(DoFnLifecycleManagerRemovingTransformEvaluator.java:54)
	at org.apache.beam.runners.direct.DirectTransformExecutor.processElements(DirectTransformExecutor.java:165)
	at org.apache.beam.runners.direct.DirectTransformExecutor.run(DirectTransformExecutor.java:129)
	at java.util.concurrent.Executors$RunnableAdapter.call(Executors.java:511)
	at java.util.concurrent.FutureTask.run(FutureTask.java:266)
	at java.util.concurrent.ThreadPoolExecutor.runWorker(ThreadPoolExecutor.java:1149)
	at java.util.concurrent.ThreadPoolExecutor$Worker.run(ThreadPoolExecutor.java:624)
	at java.lang.Thread.run(Thread.java:748)
Caused by: java.io.IOException: Cannot run program "C:\Users\vjajee\AppData\Local\Temp\test-Echoo2738827179910398233\test-Echo2911294525614995893.sh": CreateProcess error=193, %1 is not a valid Win32 application
	at java.lang.ProcessBuilder.start(ProcessBuilder.java:1048)
	at org.apache.beam.examples.subprocess.kernel.SubProcessKernel.execBinary(SubProcessKernel.java:153)
	... 15 more
Caused by: java.io.IOException: CreateProcess error=193, %1 is not a valid Win32 application
	at java.lang.ProcessImpl.create(Native Method)
	at java.lang.ProcessImpl.<init>(ProcessImpl.java:386)
	at java.lang.ProcessImpl.start(ProcessImpl.java:137)
	at java.lang.ProcessBuilder.start(ProcessBuilder.java:1029)
	... 16 more

May 12, 2021 9:59:41 AM org.apache.beam.examples.subprocess.ExampleEchoPipelineTest$EchoInputDoFn processElement
SEVERE: Error processing element 
java.lang.Exception: java.io.IOException: Cannot run program "C:\Users\vjajee\AppData\Local\Temp\test-Echoo2738827179910398233\test-Echo2911294525614995893.sh": CreateProcess error=193, %1 is not a valid Win32 application
	at org.apache.beam.examples.subprocess.kernel.SubProcessKernel.execBinary(SubProcessKernel.java:173)
	at org.apache.beam.examples.subprocess.kernel.SubProcessKernel.exec(SubProcessKernel.java:71)
	at org.apache.beam.examples.subprocess.ExampleEchoPipelineTest$EchoInputDoFn.processElement(ExampleEchoPipelineTest.java:160)
	at org.apache.beam.examples.subprocess.ExampleEchoPipelineTest$EchoInputDoFn$DoFnInvoker.invokeProcessElement(Unknown Source)
	at org.apache.beam.repackaged.direct_java.runners.core.SimpleDoFnRunner.invokeProcessElement(SimpleDoFnRunner.java:232)
	at org.apache.beam.repackaged.direct_java.runners.core.SimpleDoFnRunner.processElement(SimpleDoFnRunner.java:191)
	at org.apache.beam.repackaged.direct_java.runners.core.SimplePushbackSideInputDoFnRunner.processElementInReadyWindows(SimplePushbackSideInputDoFnRunner.java:79)
	at org.apache.beam.runners.direct.ParDoEvaluator.processElement(ParDoEvaluator.java:244)
	at org.apache.beam.runners.direct.DoFnLifecycleManagerRemovingTransformEvaluator.processElement(DoFnLifecycleManagerRemovingTransformEvaluator.java:54)
	at org.apache.beam.runners.direct.DirectTransformExecutor.processElements(DirectTransformExecutor.java:165)
	at org.apache.beam.runners.direct.DirectTransformExecutor.run(DirectTransformExecutor.java:129)
	at java.util.concurrent.Executors$RunnableAdapter.call(Executors.java:511)
	at java.util.concurrent.FutureTask.run(FutureTask.java:266)
	at java.util.concurrent.ThreadPoolExecutor.runWorker(ThreadPoolExecutor.java:1149)
	at java.util.concurrent.ThreadPoolExecutor$Worker.run(ThreadPoolExecutor.java:624)
	at java.lang.Thread.run(Thread.java:748)
Caused by: java.io.IOException: Cannot run program "C:\Users\vjajee\AppData\Local\Temp\test-Echoo2738827179910398233\test-Echo2911294525614995893.sh": CreateProcess error=193, %1 is not a valid Win32 application
	at java.lang.ProcessBuilder.start(ProcessBuilder.java:1048)
	at org.apache.beam.examples.subprocess.kernel.SubProcessKernel.execBinary(SubProcessKernel.java:153)
	... 15 more
Caused by: java.io.IOException: CreateProcess error=193, %1 is not a valid Win32 application
	at java.lang.ProcessImpl.create(Native Method)
	at java.lang.ProcessImpl.<init>(ProcessImpl.java:386)
	at java.lang.ProcessImpl.start(ProcessImpl.java:137)
	at java.lang.ProcessBuilder.start(ProcessBuilder.java:1029)
	... 16 more

May 12, 2021 9:59:41 AM org.apache.beam.examples.subprocess.kernel.SubProcessKernel execBinary
SEVERE: Error running process with parameters C:\Users\vjajee\AppData\Local\Temp\test-Echoo2738827179910398233\test-Echo2911294525614995893.sh,C:\Users\vjajee\AppData\Local\Temp\test-Echoo2738827179910398233\c3b09c22-a078-4691-8388-8ce9d74d8461.res,84 error was Cannot run program "C:\Users\vjajee\AppData\Local\Temp\test-Echoo2738827179910398233\test-Echo2911294525614995893.sh": CreateProcess error=193, %1 is not a valid Win32 application 
May 12, 2021 9:59:41 AM org.apache.beam.examples.subprocess.kernel.SubProcessKernel exec
SEVERE: Error running executable 
java.lang.Exception: java.io.IOException: Cannot run program "C:\Users\vjajee\AppData\Local\Temp\test-Echoo2738827179910398233\test-Echo2911294525614995893.sh": CreateProcess error=193, %1 is not a valid Win32 application
	at org.apache.beam.examples.subprocess.kernel.SubProcessKernel.execBinary(SubProcessKernel.java:173)
	at org.apache.beam.examples.subprocess.kernel.SubProcessKernel.exec(SubProcessKernel.java:71)
	at org.apache.beam.examples.subprocess.ExampleEchoPipelineTest$EchoInputDoFn.processElement(ExampleEchoPipelineTest.java:160)
	at org.apache.beam.examples.subprocess.ExampleEchoPipelineTest$EchoInputDoFn$DoFnInvoker.invokeProcessElement(Unknown Source)
	at org.apache.beam.repackaged.direct_java.runners.core.SimpleDoFnRunner.invokeProcessElement(SimpleDoFnRunner.java:232)
	at org.apache.beam.repackaged.direct_java.runners.core.SimpleDoFnRunner.processElement(SimpleDoFnRunner.java:191)
	at org.apache.beam.repackaged.direct_java.runners.core.SimplePushbackSideInputDoFnRunner.processElementInReadyWindows(SimplePushbackSideInputDoFnRunner.java:79)
	at org.apache.beam.runners.direct.ParDoEvaluator.processElement(ParDoEvaluator.java:244)
	at org.apache.beam.runners.direct.DoFnLifecycleManagerRemovingTransformEvaluator.processElement(DoFnLifecycleManagerRemovingTransformEvaluator.java:54)
	at org.apache.beam.runners.direct.DirectTransformExecutor.processElements(DirectTransformExecutor.java:165)
	at org.apache.beam.runners.direct.DirectTransformExecutor.run(DirectTransformExecutor.java:129)
	at java.util.concurrent.Executors$RunnableAdapter.call(Executors.java:511)
	at java.util.concurrent.FutureTask.run(FutureTask.java:266)
	at java.util.concurrent.ThreadPoolExecutor.runWorker(ThreadPoolExecutor.java:1149)
	at java.util.concurrent.ThreadPoolExecutor$Worker.run(ThreadPoolExecutor.java:624)
	at java.lang.Thread.run(Thread.java:748)
Caused by: java.io.IOException: Cannot run program "C:\Users\vjajee\AppData\Local\Temp\test-Echoo2738827179910398233\test-Echo2911294525614995893.sh": CreateProcess error=193, %1 is not a valid Win32 application
	at java.lang.ProcessBuilder.start(ProcessBuilder.java:1048)
	at org.apache.beam.examples.subprocess.kernel.SubProcessKernel.execBinary(SubProcessKernel.java:153)
	... 15 more
Caused by: java.io.IOException: CreateProcess error=193, %1 is not a valid Win32 application
	at java.lang.ProcessImpl.create(Native Method)
	at java.lang.ProcessImpl.<init>(ProcessImpl.java:386)
	at java.lang.ProcessImpl.start(ProcessImpl.java:137)
	at java.lang.ProcessBuilder.start(ProcessBuilder.java:1029)
	... 16 more

May 12, 2021 9:59:41 AM org.apache.beam.examples.subprocess.ExampleEchoPipelineTest$EchoInputDoFn processElement
SEVERE: Error processing element 
java.lang.Exception: java.io.IOException: Cannot run program "C:\Users\vjajee\AppData\Local\Temp\test-Echoo2738827179910398233\test-Echo2911294525614995893.sh": CreateProcess error=193, %1 is not a valid Win32 application
	at org.apache.beam.examples.subprocess.kernel.SubProcessKernel.execBinary(SubProcessKernel.java:173)
	at org.apache.beam.examples.subprocess.kernel.SubProcessKernel.exec(SubProcessKernel.java:71)
	at org.apache.beam.examples.subprocess.ExampleEchoPipelineTest$EchoInputDoFn.processElement(ExampleEchoPipelineTest.java:160)
	at org.apache.beam.examples.subprocess.ExampleEchoPipelineTest$EchoInputDoFn$DoFnInvoker.invokeProcessElement(Unknown Source)
	at org.apache.beam.repackaged.direct_java.runners.core.SimpleDoFnRunner.invokeProcessElement(SimpleDoFnRunner.java:232)
	at org.apache.beam.repackaged.direct_java.runners.core.SimpleDoFnRunner.processElement(SimpleDoFnRunner.java:191)
	at org.apache.beam.repackaged.direct_java.runners.core.SimplePushbackSideInputDoFnRunner.processElementInReadyWindows(SimplePushbackSideInputDoFnRunner.java:79)
	at org.apache.beam.runners.direct.ParDoEvaluator.processElement(ParDoEvaluator.java:244)
	at org.apache.beam.runners.direct.DoFnLifecycleManagerRemovingTransformEvaluator.processElement(DoFnLifecycleManagerRemovingTransformEvaluator.java:54)
	at org.apache.beam.runners.direct.DirectTransformExecutor.processElements(DirectTransformExecutor.java:165)
	at org.apache.beam.runners.direct.DirectTransformExecutor.run(DirectTransformExecutor.java:129)
	at java.util.concurrent.Executors$RunnableAdapter.call(Executors.java:511)
	at java.util.concurrent.FutureTask.run(FutureTask.java:266)
	at java.util.concurrent.ThreadPoolExecutor.runWorker(ThreadPoolExecutor.java:1149)
	at java.util.concurrent.ThreadPoolExecutor$Worker.run(ThreadPoolExecutor.java:624)
	at java.lang.Thread.run(Thread.java:748)
Caused by: java.io.IOException: Cannot run program "C:\Users\vjajee\AppData\Local\Temp\test-Echoo2738827179910398233\test-Echo2911294525614995893.sh": CreateProcess error=193, %1 is not a valid Win32 application
	at java.lang.ProcessBuilder.start(ProcessBuilder.java:1048)
	at org.apache.beam.examples.subprocess.kernel.SubProcessKernel.execBinary(SubProcessKernel.java:153)
	... 15 more
Caused by: java.io.IOException: CreateProcess error=193, %1 is not a valid Win32 application
	at java.lang.ProcessImpl.create(Native Method)
	at java.lang.ProcessImpl.<init>(ProcessImpl.java:386)
	at java.lang.ProcessImpl.start(ProcessImpl.java:137)
	at java.lang.ProcessBuilder.start(ProcessBuilder.java:1029)
	... 16 more

May 12, 2021 9:59:41 AM org.apache.beam.examples.subprocess.kernel.SubProcessKernel execBinary
SEVERE: Error running process with parameters C:\Users\vjajee\AppData\Local\Temp\test-Echoo2738827179910398233\test-Echo2911294525614995893.sh,C:\Users\vjajee\AppData\Local\Temp\test-Echoo2738827179910398233\afa49972-11e8-4775-8c6e-969b0b74bc1e.res,12 error was Cannot run program "C:\Users\vjajee\AppData\Local\Temp\test-Echoo2738827179910398233\test-Echo2911294525614995893.sh": CreateProcess error=193, %1 is not a valid Win32 application 
May 12, 2021 9:59:41 AM org.apache.beam.examples.subprocess.kernel.SubProcessKernel exec
SEVERE: Error running executable 
java.lang.Exception: java.io.IOException: Cannot run program "C:\Users\vjajee\AppData\Local\Temp\test-Echoo2738827179910398233\test-Echo2911294525614995893.sh": CreateProcess error=193, %1 is not a valid Win32 application
	at org.apache.beam.examples.subprocess.kernel.SubProcessKernel.execBinary(SubProcessKernel.java:173)
	at org.apache.beam.examples.subprocess.kernel.SubProcessKernel.exec(SubProcessKernel.java:71)
	at org.apache.beam.examples.subprocess.ExampleEchoPipelineTest$EchoInputDoFn.processElement(ExampleEchoPipelineTest.java:160)
	at org.apache.beam.examples.subprocess.ExampleEchoPipelineTest$EchoInputDoFn$DoFnInvoker.invokeProcessElement(Unknown Source)
	at org.apache.beam.repackaged.direct_java.runners.core.SimpleDoFnRunner.invokeProcessElement(SimpleDoFnRunner.java:232)
	at org.apache.beam.repackaged.direct_java.runners.core.SimpleDoFnRunner.processElement(SimpleDoFnRunner.java:191)
	at org.apache.beam.repackaged.direct_java.runners.core.SimplePushbackSideInputDoFnRunner.processElementInReadyWindows(SimplePushbackSideInputDoFnRunner.java:79)
	at org.apache.beam.runners.direct.ParDoEvaluator.processElement(ParDoEvaluator.java:244)
	at org.apache.beam.runners.direct.DoFnLifecycleManagerRemovingTransformEvaluator.processElement(DoFnLifecycleManagerRemovingTransformEvaluator.java:54)
	at org.apache.beam.runners.direct.DirectTransformExecutor.processElements(DirectTransformExecutor.java:165)
	at org.apache.beam.runners.direct.DirectTransformExecutor.run(DirectTransformExecutor.java:129)
	at java.util.concurrent.Executors$RunnableAdapter.call(Executors.java:511)
	at java.util.concurrent.FutureTask.run(FutureTask.java:266)
	at java.util.concurrent.ThreadPoolExecutor.runWorker(ThreadPoolExecutor.java:1149)
	at java.util.concurrent.ThreadPoolExecutor$Worker.run(ThreadPoolExecutor.java:624)
	at java.lang.Thread.run(Thread.java:748)
Caused by: java.io.IOException: Cannot run program "C:\Users\vjajee\AppData\Local\Temp\test-Echoo2738827179910398233\test-Echo2911294525614995893.sh": CreateProcess error=193, %1 is not a valid Win32 application
	at java.lang.ProcessBuilder.start(ProcessBuilder.java:1048)
	at org.apache.beam.examples.subprocess.kernel.SubProcessKernel.execBinary(SubProcessKernel.java:153)
	... 15 more
Caused by: java.io.IOException: CreateProcess error=193, %1 is not a valid Win32 application
	at java.lang.ProcessImpl.create(Native Method)
	at java.lang.ProcessImpl.<init>(ProcessImpl.java:386)
	at java.lang.ProcessImpl.start(ProcessImpl.java:137)
	at java.lang.ProcessBuilder.start(ProcessBuilder.java:1029)
	... 16 more

May 12, 2021 9:59:41 AM org.apache.beam.examples.subprocess.ExampleEchoPipelineTest$EchoInputDoFn processElement
SEVERE: Error processing element 
java.lang.Exception: java.io.IOException: Cannot run program "C:\Users\vjajee\AppData\Local\Temp\test-Echoo2738827179910398233\test-Echo2911294525614995893.sh": CreateProcess error=193, %1 is not a valid Win32 application
	at org.apache.beam.examples.subprocess.kernel.SubProcessKernel.execBinary(SubProcessKernel.java:173)
	at org.apache.beam.examples.subprocess.kernel.SubProcessKernel.exec(SubProcessKernel.java:71)
	at org.apache.beam.examples.subprocess.ExampleEchoPipelineTest$EchoInputDoFn.processElement(ExampleEchoPipelineTest.java:160)
	at org.apache.beam.examples.subprocess.ExampleEchoPipelineTest$EchoInputDoFn$DoFnInvoker.invokeProcessElement(Unknown Source)
	at org.apache.beam.repackaged.direct_java.runners.core.SimpleDoFnRunner.invokeProcessElement(SimpleDoFnRunner.java:232)
	at org.apache.beam.repackaged.direct_java.runners.core.SimpleDoFnRunner.processElement(SimpleDoFnRunner.java:191)
	at org.apache.beam.repackaged.direct_java.runners.core.SimplePushbackSideInputDoFnRunner.processElementInReadyWindows(SimplePushbackSideInputDoFnRunner.java:79)
	at org.apache.beam.runners.direct.ParDoEvaluator.processElement(ParDoEvaluator.java:244)
	at org.apache.beam.runners.direct.DoFnLifecycleManagerRemovingTransformEvaluator.processElement(DoFnLifecycleManagerRemovingTransformEvaluator.java:54)
	at org.apache.beam.runners.direct.DirectTransformExecutor.processElements(DirectTransformExecutor.java:165)
	at org.apache.beam.runners.direct.DirectTransformExecutor.run(DirectTransformExecutor.java:129)
	at java.util.concurrent.Executors$RunnableAdapter.call(Executors.java:511)
	at java.util.concurrent.FutureTask.run(FutureTask.java:266)
	at java.util.concurrent.ThreadPoolExecutor.runWorker(ThreadPoolExecutor.java:1149)
	at java.util.concurrent.ThreadPoolExecutor$Worker.run(ThreadPoolExecutor.java:624)
	at java.lang.Thread.run(Thread.java:748)
Caused by: java.io.IOException: Cannot run program "C:\Users\vjajee\AppData\Local\Temp\test-Echoo2738827179910398233\test-Echo2911294525614995893.sh": CreateProcess error=193, %1 is not a valid Win32 application
	at java.lang.ProcessBuilder.start(ProcessBuilder.java:1048)
	at org.apache.beam.examples.subprocess.kernel.SubProcessKernel.execBinary(SubProcessKernel.java:153)
	... 15 more
Caused by: java.io.IOException: CreateProcess error=193, %1 is not a valid Win32 application
	at java.lang.ProcessImpl.create(Native Method)
	at java.lang.ProcessImpl.<init>(ProcessImpl.java:386)
	at java.lang.ProcessImpl.start(ProcessImpl.java:137)
	at java.lang.ProcessBuilder.start(ProcessBuilder.java:1029)
	... 16 more

May 12, 2021 9:59:42 AM org.apache.beam.examples.subprocess.kernel.SubProcessKernel execBinary
SEVERE: Error running process with parameters C:\Users\vjajee\AppData\Local\Temp\test-Echoo2738827179910398233\test-Echo2911294525614995893.sh,C:\Users\vjajee\AppData\Local\Temp\test-Echoo2738827179910398233\5743cdc3-4b05-4d24-b56a-438c974d0fd7.res,36 error was Cannot run program "C:\Users\vjajee\AppData\Local\Temp\test-Echoo2738827179910398233\test-Echo2911294525614995893.sh": CreateProcess error=193, %1 is not a valid Win32 application 
May 12, 2021 9:59:42 AM org.apache.beam.examples.subprocess.kernel.SubProcessKernel exec
SEVERE: Error running executable 
java.lang.Exception: java.io.IOException: Cannot run program "C:\Users\vjajee\AppData\Local\Temp\test-Echoo2738827179910398233\test-Echo2911294525614995893.sh": CreateProcess error=193, %1 is not a valid Win32 application
	at org.apache.beam.examples.subprocess.kernel.SubProcessKernel.execBinary(SubProcessKernel.java:173)
	at org.apache.beam.examples.subprocess.kernel.SubProcessKernel.exec(SubProcessKernel.java:71)
	at org.apache.beam.examples.subprocess.ExampleEchoPipelineTest$EchoInputDoFn.processElement(ExampleEchoPipelineTest.java:160)
	at org.apache.beam.examples.subprocess.ExampleEchoPipelineTest$EchoInputDoFn$DoFnInvoker.invokeProcessElement(Unknown Source)
	at org.apache.beam.repackaged.direct_java.runners.core.SimpleDoFnRunner.invokeProcessElement(SimpleDoFnRunner.java:232)
	at org.apache.beam.repackaged.direct_java.runners.core.SimpleDoFnRunner.processElement(SimpleDoFnRunner.java:191)
	at org.apache.beam.repackaged.direct_java.runners.core.SimplePushbackSideInputDoFnRunner.processElementInReadyWindows(SimplePushbackSideInputDoFnRunner.java:79)
	at org.apache.beam.runners.direct.ParDoEvaluator.processElement(ParDoEvaluator.java:244)
	at org.apache.beam.runners.direct.DoFnLifecycleManagerRemovingTransformEvaluator.processElement(DoFnLifecycleManagerRemovingTransformEvaluator.java:54)
	at org.apache.beam.runners.direct.DirectTransformExecutor.processElements(DirectTransformExecutor.java:165)
	at org.apache.beam.runners.direct.DirectTransformExecutor.run(DirectTransformExecutor.java:129)
	at java.util.concurrent.Executors$RunnableAdapter.call(Executors.java:511)
	at java.util.concurrent.FutureTask.run(FutureTask.java:266)
	at java.util.concurrent.ThreadPoolExecutor.runWorker(ThreadPoolExecutor.java:1149)
	at java.util.concurrent.ThreadPoolExecutor$Worker.run(ThreadPoolExecutor.java:624)
	at java.lang.Thread.run(Thread.java:748)
Caused by: java.io.IOException: Cannot run program "C:\Users\vjajee\AppData\Local\Temp\test-Echoo2738827179910398233\test-Echo2911294525614995893.sh": CreateProcess error=193, %1 is not a valid Win32 application
	at java.lang.ProcessBuilder.start(ProcessBuilder.java:1048)
	at org.apache.beam.examples.subprocess.kernel.SubProcessKernel.execBinary(SubProcessKernel.java:153)
	... 15 more
Caused by: java.io.IOException: CreateProcess error=193, %1 is not a valid Win32 application
	at java.lang.ProcessImpl.create(Native Method)
	at java.lang.ProcessImpl.<init>(ProcessImpl.java:386)
	at java.lang.ProcessImpl.start(ProcessImpl.java:137)
	at java.lang.ProcessBuilder.start(ProcessBuilder.java:1029)
	... 16 more

May 12, 2021 9:59:42 AM org.apache.beam.examples.subprocess.ExampleEchoPipelineTest$EchoInputDoFn processElement
SEVERE: Error processing element 
java.lang.Exception: java.io.IOException: Cannot run program "C:\Users\vjajee\AppData\Local\Temp\test-Echoo2738827179910398233\test-Echo2911294525614995893.sh": CreateProcess error=193, %1 is not a valid Win32 application
	at org.apache.beam.examples.subprocess.kernel.SubProcessKernel.execBinary(SubProcessKernel.java:173)
	at org.apache.beam.examples.subprocess.kernel.SubProcessKernel.exec(SubProcessKernel.java:71)
	at org.apache.beam.examples.subprocess.ExampleEchoPipelineTest$EchoInputDoFn.processElement(ExampleEchoPipelineTest.java:160)
	at org.apache.beam.examples.subprocess.ExampleEchoPipelineTest$EchoInputDoFn$DoFnInvoker.invokeProcessElement(Unknown Source)
	at org.apache.beam.repackaged.direct_java.runners.core.SimpleDoFnRunner.invokeProcessElement(SimpleDoFnRunner.java:232)
	at org.apache.beam.repackaged.direct_java.runners.core.SimpleDoFnRunner.processElement(SimpleDoFnRunner.java:191)
	at org.apache.beam.repackaged.direct_java.runners.core.SimplePushbackSideInputDoFnRunner.processElementInReadyWindows(SimplePushbackSideInputDoFnRunner.java:79)
	at org.apache.beam.runners.direct.ParDoEvaluator.processElement(ParDoEvaluator.java:244)
	at org.apache.beam.runners.direct.DoFnLifecycleManagerRemovingTransformEvaluator.processElement(DoFnLifecycleManagerRemovingTransformEvaluator.java:54)
	at org.apache.beam.runners.direct.DirectTransformExecutor.processElements(DirectTransformExecutor.java:165)
	at org.apache.beam.runners.direct.DirectTransformExecutor.run(DirectTransformExecutor.java:129)
	at java.util.concurrent.Executors$RunnableAdapter.call(Executors.java:511)
	at java.util.concurrent.FutureTask.run(FutureTask.java:266)
	at java.util.concurrent.ThreadPoolExecutor.runWorker(ThreadPoolExecutor.java:1149)
	at java.util.concurrent.ThreadPoolExecutor$Worker.run(ThreadPoolExecutor.java:624)
	at java.lang.Thread.run(Thread.java:748)
Caused by: java.io.IOException: Cannot run program "C:\Users\vjajee\AppData\Local\Temp\test-Echoo2738827179910398233\test-Echo2911294525614995893.sh": CreateProcess error=193, %1 is not a valid Win32 application
	at java.lang.ProcessBuilder.start(ProcessBuilder.java:1048)
	at org.apache.beam.examples.subprocess.kernel.SubProcessKernel.execBinary(SubProcessKernel.java:153)
	... 15 more
Caused by: java.io.IOException: CreateProcess error=193, %1 is not a valid Win32 application
	at java.lang.ProcessImpl.create(Native Method)
	at java.lang.ProcessImpl.<init>(ProcessImpl.java:386)
	at java.lang.ProcessImpl.start(ProcessImpl.java:137)
	at java.lang.ProcessBuilder.start(ProcessBuilder.java:1029)
	... 16 more

May 12, 2021 9:59:42 AM org.apache.beam.examples.subprocess.kernel.SubProcessKernel execBinary
SEVERE: Error running process with parameters C:\Users\vjajee\AppData\Local\Temp\test-Echoo2738827179910398233\test-Echo2911294525614995893.sh,C:\Users\vjajee\AppData\Local\Temp\test-Echoo2738827179910398233\b7d5e82c-a78e-43a3-a6a8-ae34e8e3c551.res,54 error was Cannot run program "C:\Users\vjajee\AppData\Local\Temp\test-Echoo2738827179910398233\test-Echo2911294525614995893.sh": CreateProcess error=193, %1 is not a valid Win32 application 
May 12, 2021 9:59:42 AM org.apache.beam.examples.subprocess.kernel.SubProcessKernel exec
SEVERE: Error running executable 
java.lang.Exception: java.io.IOException: Cannot run program "C:\Users\vjajee\AppData\Local\Temp\test-Echoo2738827179910398233\test-Echo2911294525614995893.sh": CreateProcess error=193, %1 is not a valid Win32 application
	at org.apache.beam.examples.subprocess.kernel.SubProcessKernel.execBinary(SubProcessKernel.java:173)
	at org.apache.beam.examples.subprocess.kernel.SubProcessKernel.exec(SubProcessKernel.java:71)
	at org.apache.beam.examples.subprocess.ExampleEchoPipelineTest$EchoInputDoFn.processElement(ExampleEchoPipelineTest.java:160)
	at org.apache.beam.examples.subprocess.ExampleEchoPipelineTest$EchoInputDoFn$DoFnInvoker.invokeProcessElement(Unknown Source)
	at org.apache.beam.repackaged.direct_java.runners.core.SimpleDoFnRunner.invokeProcessElement(SimpleDoFnRunner.java:232)
	at org.apache.beam.repackaged.direct_java.runners.core.SimpleDoFnRunner.processElement(SimpleDoFnRunner.java:191)
	at org.apache.beam.repackaged.direct_java.runners.core.SimplePushbackSideInputDoFnRunner.processElementInReadyWindows(SimplePushbackSideInputDoFnRunner.java:79)
	at org.apache.beam.runners.direct.ParDoEvaluator.processElement(ParDoEvaluator.java:244)
	at org.apache.beam.runners.direct.DoFnLifecycleManagerRemovingTransformEvaluator.processElement(DoFnLifecycleManagerRemovingTransformEvaluator.java:54)
	at org.apache.beam.runners.direct.DirectTransformExecutor.processElements(DirectTransformExecutor.java:165)
	at org.apache.beam.runners.direct.DirectTransformExecutor.run(DirectTransformExecutor.java:129)
	at java.util.concurrent.Executors$RunnableAdapter.call(Executors.java:511)
	at java.util.concurrent.FutureTask.run(FutureTask.java:266)
	at java.util.concurrent.ThreadPoolExecutor.runWorker(ThreadPoolExecutor.java:1149)
	at java.util.concurrent.ThreadPoolExecutor$Worker.run(ThreadPoolExecutor.java:624)
	at java.lang.Thread.run(Thread.java:748)
Caused by: java.io.IOException: Cannot run program "C:\Users\vjajee\AppData\Local\Temp\test-Echoo2738827179910398233\test-Echo2911294525614995893.sh": CreateProcess error=193, %1 is not a valid Win32 application
	at java.lang.ProcessBuilder.start(ProcessBuilder.java:1048)
	at org.apache.beam.examples.subprocess.kernel.SubProcessKernel.execBinary(SubProcessKernel.java:153)
	... 15 more
Caused by: java.io.IOException: CreateProcess error=193, %1 is not a valid Win32 application
	at java.lang.ProcessImpl.create(Native Method)
	at java.lang.ProcessImpl.<init>(ProcessImpl.java:386)
	at java.lang.ProcessImpl.start(ProcessImpl.java:137)
	at java.lang.ProcessBuilder.start(ProcessBuilder.java:1029)
	... 16 more

May 12, 2021 9:59:42 AM org.apache.beam.examples.subprocess.ExampleEchoPipelineTest$EchoInputDoFn processElement
SEVERE: Error processing element 
java.lang.Exception: java.io.IOException: Cannot run program "C:\Users\vjajee\AppData\Local\Temp\test-Echoo2738827179910398233\test-Echo2911294525614995893.sh": CreateProcess error=193, %1 is not a valid Win32 application
	at org.apache.beam.examples.subprocess.kernel.SubProcessKernel.execBinary(SubProcessKernel.java:173)
	at org.apache.beam.examples.subprocess.kernel.SubProcessKernel.exec(SubProcessKernel.java:71)
	at org.apache.beam.examples.subprocess.ExampleEchoPipelineTest$EchoInputDoFn.processElement(ExampleEchoPipelineTest.java:160)
	at org.apache.beam.examples.subprocess.ExampleEchoPipelineTest$EchoInputDoFn$DoFnInvoker.invokeProcessElement(Unknown Source)
	at org.apache.beam.repackaged.direct_java.runners.core.SimpleDoFnRunner.invokeProcessElement(SimpleDoFnRunner.java:232)
	at org.apache.beam.repackaged.direct_java.runners.core.SimpleDoFnRunner.processElement(SimpleDoFnRunner.java:191)
	at org.apache.beam.repackaged.direct_java.runners.core.SimplePushbackSideInputDoFnRunner.processElementInReadyWindows(SimplePushbackSideInputDoFnRunner.java:79)
	at org.apache.beam.runners.direct.ParDoEvaluator.processElement(ParDoEvaluator.java:244)
	at org.apache.beam.runners.direct.DoFnLifecycleManagerRemovingTransformEvaluator.processElement(DoFnLifecycleManagerRemovingTransformEvaluator.java:54)
	at org.apache.beam.runners.direct.DirectTransformExecutor.processElements(DirectTransformExecutor.java:165)
	at org.apache.beam.runners.direct.DirectTransformExecutor.run(DirectTransformExecutor.java:129)
	at java.util.concurrent.Executors$RunnableAdapter.call(Executors.java:511)
	at java.util.concurrent.FutureTask.run(FutureTask.java:266)
	at java.util.concurrent.ThreadPoolExecutor.runWorker(ThreadPoolExecutor.java:1149)
	at java.util.concurrent.ThreadPoolExecutor$Worker.run(ThreadPoolExecutor.java:624)
	at java.lang.Thread.run(Thread.java:748)
Caused by: java.io.IOException: Cannot run program "C:\Users\vjajee\AppData\Local\Temp\test-Echoo2738827179910398233\test-Echo2911294525614995893.sh": CreateProcess error=193, %1 is not a valid Win32 application
	at java.lang.ProcessBuilder.start(ProcessBuilder.java:1048)
	at org.apache.beam.examples.subprocess.kernel.SubProcessKernel.execBinary(SubProcessKernel.java:153)
	... 15 more
Caused by: java.io.IOException: CreateProcess error=193, %1 is not a valid Win32 application
	at java.lang.ProcessImpl.create(Native Method)
	at java.lang.ProcessImpl.<init>(ProcessImpl.java:386)
	at java.lang.ProcessImpl.start(ProcessImpl.java:137)
	at java.lang.ProcessBuilder.start(ProcessBuilder.java:1029)
	... 16 more

May 12, 2021 9:59:42 AM org.apache.beam.examples.subprocess.kernel.SubProcessKernel execBinary
SEVERE: Error running process with parameters C:\Users\vjajee\AppData\Local\Temp\test-Echoo2738827179910398233\test-Echo2911294525614995893.sh,C:\Users\vjajee\AppData\Local\Temp\test-Echoo2738827179910398233\d5e02684-bffa-4321-b6dc-4b5e86eda52f.res,78 error was Cannot run program "C:\Users\vjajee\AppData\Local\Temp\test-Echoo2738827179910398233\test-Echo2911294525614995893.sh": CreateProcess error=193, %1 is not a valid Win32 application 
May 12, 2021 9:59:42 AM org.apache.beam.examples.subprocess.kernel.SubProcessKernel exec
SEVERE: Error running executable 
java.lang.Exception: java.io.IOException: Cannot run program "C:\Users\vjajee\AppData\Local\Temp\test-Echoo2738827179910398233\test-Echo2911294525614995893.sh": CreateProcess error=193, %1 is not a valid Win32 application
	at org.apache.beam.examples.subprocess.kernel.SubProcessKernel.execBinary(SubProcessKernel.java:173)
	at org.apache.beam.examples.subprocess.kernel.SubProcessKernel.exec(SubProcessKernel.java:71)
	at org.apache.beam.examples.subprocess.ExampleEchoPipelineTest$EchoInputDoFn.processElement(ExampleEchoPipelineTest.java:160)
	at org.apache.beam.examples.subprocess.ExampleEchoPipelineTest$EchoInputDoFn$DoFnInvoker.invokeProcessElement(Unknown Source)
	at org.apache.beam.repackaged.direct_java.runners.core.SimpleDoFnRunner.invokeProcessElement(SimpleDoFnRunner.java:232)
	at org.apache.beam.repackaged.direct_java.runners.core.SimpleDoFnRunner.processElement(SimpleDoFnRunner.java:191)
	at org.apache.beam.repackaged.direct_java.runners.core.SimplePushbackSideInputDoFnRunner.processElementInReadyWindows(SimplePushbackSideInputDoFnRunner.java:79)
	at org.apache.beam.runners.direct.ParDoEvaluator.processElement(ParDoEvaluator.java:244)
	at org.apache.beam.runners.direct.DoFnLifecycleManagerRemovingTransformEvaluator.processElement(DoFnLifecycleManagerRemovingTransformEvaluator.java:54)
	at org.apache.beam.runners.direct.DirectTransformExecutor.processElements(DirectTransformExecutor.java:165)
	at org.apache.beam.runners.direct.DirectTransformExecutor.run(DirectTransformExecutor.java:129)
	at java.util.concurrent.Executors$RunnableAdapter.call(Executors.java:511)
	at java.util.concurrent.FutureTask.run(FutureTask.java:266)
	at java.util.concurrent.ThreadPoolExecutor.runWorker(ThreadPoolExecutor.java:1149)
	at java.util.concurrent.ThreadPoolExecutor$Worker.run(ThreadPoolExecutor.java:624)
	at java.lang.Thread.run(Thread.java:748)
Caused by: java.io.IOException: Cannot run program "C:\Users\vjajee\AppData\Local\Temp\test-Echoo2738827179910398233\test-Echo2911294525614995893.sh": CreateProcess error=193, %1 is not a valid Win32 application
	at java.lang.ProcessBuilder.start(ProcessBuilder.java:1048)
	at org.apache.beam.examples.subprocess.kernel.SubProcessKernel.execBinary(SubProcessKernel.java:153)
	... 15 more
Caused by: java.io.IOException: CreateProcess error=193, %1 is not a valid Win32 application
	at java.lang.ProcessImpl.create(Native Method)
	at java.lang.ProcessImpl.<init>(ProcessImpl.java:386)
	at java.lang.ProcessImpl.start(ProcessImpl.java:137)
	at java.lang.ProcessBuilder.start(ProcessBuilder.java:1029)
	... 16 more

May 12, 2021 9:59:42 AM org.apache.beam.examples.subprocess.kernel.SubProcessKernel execBinary
SEVERE: Error running process with parameters C:\Users\vjajee\AppData\Local\Temp\test-Echoo2738827179910398233\test-Echo2911294525614995893.sh,C:\Users\vjajee\AppData\Local\Temp\test-Echoo2738827179910398233\7b054597-4ce0-4cc6-9b27-f73577673c03.res,6 error was Cannot run program "C:\Users\vjajee\AppData\Local\Temp\test-Echoo2738827179910398233\test-Echo2911294525614995893.sh": CreateProcess error=193, %1 is not a valid Win32 application 
May 12, 2021 9:59:42 AM org.apache.beam.examples.subprocess.kernel.SubProcessKernel exec
SEVERE: Error running executable 
java.lang.Exception: java.io.IOException: Cannot run program "C:\Users\vjajee\AppData\Local\Temp\test-Echoo2738827179910398233\test-Echo2911294525614995893.sh": CreateProcess error=193, %1 is not a valid Win32 application
	at org.apache.beam.examples.subprocess.kernel.SubProcessKernel.execBinary(SubProcessKernel.java:173)
	at org.apache.beam.examples.subprocess.kernel.SubProcessKernel.exec(SubProcessKernel.java:71)
	at org.apache.beam.examples.subprocess.ExampleEchoPipelineTest$EchoInputDoFn.processElement(ExampleEchoPipelineTest.java:160)
	at org.apache.beam.examples.subprocess.ExampleEchoPipelineTest$EchoInputDoFn$DoFnInvoker.invokeProcessElement(Unknown Source)
	at org.apache.beam.repackaged.direct_java.runners.core.SimpleDoFnRunner.invokeProcessElement(SimpleDoFnRunner.java:232)
	at org.apache.beam.repackaged.direct_java.runners.core.SimpleDoFnRunner.processElement(SimpleDoFnRunner.java:191)
	at org.apache.beam.repackaged.direct_java.runners.core.SimplePushbackSideInputDoFnRunner.processElementInReadyWindows(SimplePushbackSideInputDoFnRunner.java:79)
	at org.apache.beam.runners.direct.ParDoEvaluator.processElement(ParDoEvaluator.java:244)
	at org.apache.beam.runners.direct.DoFnLifecycleManagerRemovingTransformEvaluator.processElement(DoFnLifecycleManagerRemovingTransformEvaluator.java:54)
	at org.apache.beam.runners.direct.DirectTransformExecutor.processElements(DirectTransformExecutor.java:165)
	at org.apache.beam.runners.direct.DirectTransformExecutor.run(DirectTransformExecutor.java:129)
	at java.util.concurrent.Executors$RunnableAdapter.call(Executors.java:511)
	at java.util.concurrent.FutureTask.run(FutureTask.java:266)
	at java.util.concurrent.ThreadPoolExecutor.runWorker(ThreadPoolExecutor.java:1149)
	at java.util.concurrent.ThreadPoolExecutor$Worker.run(ThreadPoolExecutor.java:624)
	at java.lang.Thread.run(Thread.java:748)
Caused by: java.io.IOException: Cannot run program "C:\Users\vjajee\AppData\Local\Temp\test-Echoo2738827179910398233\test-Echo2911294525614995893.sh": CreateProcess error=193, %1 is not a valid Win32 application
	at java.lang.ProcessBuilder.start(ProcessBuilder.java:1048)
	at org.apache.beam.examples.subprocess.kernel.SubProcessKernel.execBinary(SubProcessKernel.java:153)
	... 15 more
Caused by: java.io.IOException: CreateProcess error=193, %1 is not a valid Win32 application
	at java.lang.ProcessImpl.create(Native Method)
	at java.lang.ProcessImpl.<init>(ProcessImpl.java:386)
	at java.lang.ProcessImpl.start(ProcessImpl.java:137)
	at java.lang.ProcessBuilder.start(ProcessBuilder.java:1029)
	... 16 more

May 12, 2021 9:59:42 AM org.apache.beam.examples.subprocess.ExampleEchoPipelineTest$EchoInputDoFn processElement
SEVERE: Error processing element 
java.lang.Exception: java.io.IOException: Cannot run program "C:\Users\vjajee\AppData\Local\Temp\test-Echoo2738827179910398233\test-Echo2911294525614995893.sh": CreateProcess error=193, %1 is not a valid Win32 application
	at org.apache.beam.examples.subprocess.kernel.SubProcessKernel.execBinary(SubProcessKernel.java:173)
	at org.apache.beam.examples.subprocess.kernel.SubProcessKernel.exec(SubProcessKernel.java:71)
	at org.apache.beam.examples.subprocess.ExampleEchoPipelineTest$EchoInputDoFn.processElement(ExampleEchoPipelineTest.java:160)
	at org.apache.beam.examples.subprocess.ExampleEchoPipelineTest$EchoInputDoFn$DoFnInvoker.invokeProcessElement(Unknown Source)
	at org.apache.beam.repackaged.direct_java.runners.core.SimpleDoFnRunner.invokeProcessElement(SimpleDoFnRunner.java:232)
	at org.apache.beam.repackaged.direct_java.runners.core.SimpleDoFnRunner.processElement(SimpleDoFnRunner.java:191)
	at org.apache.beam.repackaged.direct_java.runners.core.SimplePushbackSideInputDoFnRunner.processElementInReadyWindows(SimplePushbackSideInputDoFnRunner.java:79)
	at org.apache.beam.runners.direct.ParDoEvaluator.processElement(ParDoEvaluator.java:244)
	at org.apache.beam.runners.direct.DoFnLifecycleManagerRemovingTransformEvaluator.processElement(DoFnLifecycleManagerRemovingTransformEvaluator.java:54)
	at org.apache.beam.runners.direct.DirectTransformExecutor.processElements(DirectTransformExecutor.java:165)
	at org.apache.beam.runners.direct.DirectTransformExecutor.run(DirectTransformExecutor.java:129)
	at java.util.concurrent.Executors$RunnableAdapter.call(Executors.java:511)
	at java.util.concurrent.FutureTask.run(FutureTask.java:266)
	at java.util.concurrent.ThreadPoolExecutor.runWorker(ThreadPoolExecutor.java:1149)
	at java.util.concurrent.ThreadPoolExecutor$Worker.run(ThreadPoolExecutor.java:624)
	at java.lang.Thread.run(Thread.java:748)
Caused by: java.io.IOException: Cannot run program "C:\Users\vjajee\AppData\Local\Temp\test-Echoo2738827179910398233\test-Echo2911294525614995893.sh": CreateProcess error=193, %1 is not a valid Win32 application
	at java.lang.ProcessBuilder.start(ProcessBuilder.java:1048)
	at org.apache.beam.examples.subprocess.kernel.SubProcessKernel.execBinary(SubProcessKernel.java:153)
	... 15 more
Caused by: java.io.IOException: CreateProcess error=193, %1 is not a valid Win32 application
	at java.lang.ProcessImpl.create(Native Method)
	at java.lang.ProcessImpl.<init>(ProcessImpl.java:386)
	at java.lang.ProcessImpl.start(ProcessImpl.java:137)
	at java.lang.ProcessBuilder.start(ProcessBuilder.java:1029)
	... 16 more

May 12, 2021 9:59:42 AM org.apache.beam.examples.subprocess.ExampleEchoPipelineTest$EchoInputDoFn processElement
SEVERE: Error processing element 
java.lang.Exception: java.io.IOException: Cannot run program "C:\Users\vjajee\AppData\Local\Temp\test-Echoo2738827179910398233\test-Echo2911294525614995893.sh": CreateProcess error=193, %1 is not a valid Win32 application
	at org.apache.beam.examples.subprocess.kernel.SubProcessKernel.execBinary(SubProcessKernel.java:173)
	at org.apache.beam.examples.subprocess.kernel.SubProcessKernel.exec(SubProcessKernel.java:71)
	at org.apache.beam.examples.subprocess.ExampleEchoPipelineTest$EchoInputDoFn.processElement(ExampleEchoPipelineTest.java:160)
	at org.apache.beam.examples.subprocess.ExampleEchoPipelineTest$EchoInputDoFn$DoFnInvoker.invokeProcessElement(Unknown Source)
	at org.apache.beam.repackaged.direct_java.runners.core.SimpleDoFnRunner.invokeProcessElement(SimpleDoFnRunner.java:232)
	at org.apache.beam.repackaged.direct_java.runners.core.SimpleDoFnRunner.processElement(SimpleDoFnRunner.java:191)
	at org.apache.beam.repackaged.direct_java.runners.core.SimplePushbackSideInputDoFnRunner.processElementInReadyWindows(SimplePushbackSideInputDoFnRunner.java:79)
	at org.apache.beam.runners.direct.ParDoEvaluator.processElement(ParDoEvaluator.java:244)
	at org.apache.beam.runners.direct.DoFnLifecycleManagerRemovingTransformEvaluator.processElement(DoFnLifecycleManagerRemovingTransformEvaluator.java:54)
	at org.apache.beam.runners.direct.DirectTransformExecutor.processElements(DirectTransformExecutor.java:165)
	at org.apache.beam.runners.direct.DirectTransformExecutor.run(DirectTransformExecutor.java:129)
	at java.util.concurrent.Executors$RunnableAdapter.call(Executors.java:511)
	at java.util.concurrent.FutureTask.run(FutureTask.java:266)
	at java.util.concurrent.ThreadPoolExecutor.runWorker(ThreadPoolExecutor.java:1149)
	at java.util.concurrent.ThreadPoolExecutor$Worker.run(ThreadPoolExecutor.java:624)
	at java.lang.Thread.run(Thread.java:748)
Caused by: java.io.IOException: Cannot run program "C:\Users\vjajee\AppData\Local\Temp\test-Echoo2738827179910398233\test-Echo2911294525614995893.sh": CreateProcess error=193, %1 is not a valid Win32 application
	at java.lang.ProcessBuilder.start(ProcessBuilder.java:1048)
	at org.apache.beam.examples.subprocess.kernel.SubProcessKernel.execBinary(SubProcessKernel.java:153)
	... 15 more
Caused by: java.io.IOException: CreateProcess error=193, %1 is not a valid Win32 application
	at java.lang.ProcessImpl.create(Native Method)
	at java.lang.ProcessImpl.<init>(ProcessImpl.java:386)
	at java.lang.ProcessImpl.start(ProcessImpl.java:137)
	at java.lang.ProcessBuilder.start(ProcessBuilder.java:1029)
	... 16 more

]]></system-err>
  </testcase>
</testsuite>